<?xml version="1.0" encoding="utf-8"?><testsuites name="pytest tests"><testsuite name="pytest" errors="0" failures="0" skipped="0" tests="8" time="1.738" timestamp="2026-09-26T15:22:44.928365+00:00" hostname="agent-env-dca66c2c-76f9-44ca-9c87-81d7c455db85"><testcase classname="tests.test_auth_otp_flow" name="test_site_config" time="0.311" /><testcase classname="tests.test_auth_otp_flow" name="test_send_otp_partner" time="0.093" /><testcase classname="tests.test_auth_otp_flow" name="test_verify_otp_partner_login" time="0.154" /><testcase classname="tests.test_auth_otp_flow" name="test_verify_otp_merchant_login" time="0.183" /><testcase classname="tests.test_auth_otp_flow" name="test_verify_otp_customer_is_still_returned_but_role_customer" time="0.158" /><testcase classname="tests.test_auth_otp_flow" name="test_verify_otp_unregistered_new_user_flag" time="0.165" /><testcase classname="tests.test_auth_otp_flow" name="test_verify_otp_create_merchant" time="0.189" /><testcase classname="tests.test_auth_otp_flow" name="test_wrong_otp_rejected" time="0.146" /></testsuite></testsuites>