<?xml version="1.0" encoding="utf-8"?><testsuites name="pytest tests"><testsuite name="pytest" errors="0" failures="0" skipped="0" tests="8" time="3.525" timestamp="2026-09-08T13:18:51.897622+00:00" hostname="agent-env-313bbf4c-5a3a-4729-bf94-c9951dd7fd0d"><testcase classname="tests.test_people_bulk_delete_demo" name="test_admin_login_works" time="0.889" /><testcase classname="tests.test_people_bulk_delete_demo" name="test_bulk_delete_demo_partners_succeeds" time="0.711" /><testcase classname="tests.test_people_bulk_delete_demo" name="test_deleted_partners_appear_in_recycle_bin" time="0.156" /><testcase classname="tests.test_people_bulk_delete_demo" name="test_deleted_partners_hidden_from_all_tab" time="0.197" /><testcase classname="tests.test_people_bulk_delete_demo" name="test_soft_deleted_account_cannot_login" time="0.289" /><testcase classname="tests.test_people_bulk_delete_demo" name="test_bulk_restore_returns_partners_to_all" time="0.366" /><testcase classname="tests.test_people_bulk_delete_demo" name="test_self_delete_guard" time="0.356" /><testcase classname="tests.test_people_bulk_delete_demo" name="test_core_partner_can_still_login" time="0.523" /></testsuite></testsuites>