<?xml version="1.0" encoding="utf-8"?><testsuites name="pytest tests"><testsuite name="pytest" errors="0" failures="0" skipped="0" tests="9" time="57.857" timestamp="2026-09-20T06:57:38.357632+00:00" hostname="agent-env-c97a03b4-9891-45b6-a7bc-0f82824f60b5"><testcase classname="tests.test_booking_chat_messaging.TestListMessagesEnabled" name="test_partner_get_messages_enabled" time="55.091" /><testcase classname="tests.test_booking_chat_messaging.TestChatGatingPending" name="test_get_pending_returns_enabled_false" time="55.092" /><testcase classname="tests.test_booking_chat_messaging.TestChatGatingPending" name="test_post_pending_rejected_400" time="0.004" /><testcase classname="tests.test_booking_chat_messaging.TestListMessagesEnabled" name="test_customer_get_messages_enabled" time="0.016" /><testcase classname="tests.test_booking_chat_messaging.TestChatNotifications" name="test_partner_send_creates_customer_notification" time="1.211" /><testcase classname="tests.test_booking_chat_messaging.TestChatAuthorization" name="test_outsider_get_403" time="0.016" /><testcase classname="tests.test_booking_chat_messaging.TestChatAuthorization" name="test_outsider_post_403" time="0.003" /><testcase classname="tests.test_booking_chat_messaging.TestSendMessageBothParties" name="test_partner_and_customer_send_and_thread_chronological" time="0.021" /><testcase classname="tests.test_booking_chat_messaging.TestChatNotifications" name="test_customer_send_creates_partner_notification" time="1.210" /></testsuite></testsuites>