<?xml version="1.0" encoding="utf-8"?><testsuites name="pytest tests"><testsuite name="pytest" errors="0" failures="0" skipped="0" tests="6" time="58.005" timestamp="2026-09-13T06:17:24.772129+00:00" hostname="agent-env-b55874f2-9efa-4d32-b575-106587f46575"><testcase classname="tests.test_city_and_og" name="test_cities_list_contains_patna_and_ranchi" time="56.404" /><testcase classname="tests.test_city_and_og" name="test_city_patna_full" time="0.266" /><testcase classname="tests.test_city_and_og" name="test_city_unknown_returns_404" time="0.182" /><testcase classname="tests.test_city_and_og" name="test_sitemap_contains_city_slugs" time="0.230" /><testcase classname="tests.test_city_and_og" name="test_og_image_is_png_1200_630" time="0.693" /><testcase classname="tests.test_city_and_og" name="test_city_ranchi_minimal" time="0.186" /></testsuite></testsuites>