<?xml version="1.0" encoding="utf-8"?><testsuites name="pytest tests"><testsuite name="pytest" errors="0" failures="0" skipped="0" tests="14" time="0.568" timestamp="2026-09-25T16:48:32.714206+00:00" hostname="agent-env-dfb20d69-1006-4288-b388-76e8bf41d30d"><testcase classname="tests.test_customer_app_backend" name="test_send_otp_customer" time="0.010" /><testcase classname="tests.test_customer_app_backend" name="test_verify_otp_returns_customer" time="0.019" /><testcase classname="tests.test_customer_app_backend" name="test_me_returns_customer" time="0.005" /><testcase classname="tests.test_customer_app_backend" name="test_partner_verify_returns_partner_role" time="0.016" /><testcase classname="tests.test_customer_app_backend" name="test_demo_status" time="0.006" /><testcase classname="tests.test_customer_app_backend" name="test_auth_config" time="0.004" /><testcase classname="tests.test_customer_app_backend" name="test_bookings" time="0.008" /><testcase classname="tests.test_customer_app_backend" name="test_wallet" time="0.005" /><testcase classname="tests.test_customer_app_backend" name="test_refunds" time="0.005" /><testcase classname="tests.test_customer_app_backend" name="test_catalog_categories" time="0.003" /><testcase classname="tests.test_customer_app_backend" name="test_catalog_services" time="0.006" /><testcase classname="tests.test_customer_app_backend" name="test_referral_summary" time="0.006" /><testcase classname="tests.test_customer_app_backend" name="test_notifications" time="0.005" /><testcase classname="tests.test_customer_app_backend" name="test_site_config" time="0.012" /></testsuite></testsuites>