<?xml version="1.0" encoding="utf-8"?><testsuites name="pytest tests"><testsuite name="pytest" errors="0" failures="0" skipped="0" tests="8" time="1.271" timestamp="2026-09-09T08:02:16.102146+00:00" hostname="agent-env-f937bb1c-7bce-4c69-9f54-982289e0ade8"><testcase classname="tests.test_decimal_money_migration" name="test_quote_single_service_emergency_reconciles" time="0.419" /><testcase classname="tests.test_decimal_money_migration" name="test_cart_quote_multi_service_reconciles_exactly" time="0.081" /><testcase classname="tests.test_decimal_money_migration" name="test_partner_wallet_fields_2dp" time="0.212" /><testcase classname="tests.test_decimal_money_migration" name="test_partner_earnings_summary_math" time="0.070" /><testcase classname="tests.test_decimal_money_migration" name="test_partner_withdrawal_upi_rejected" time="0.075" /><testcase classname="tests.test_decimal_money_migration" name="test_merchant_wallet_summary_2dp" time="0.223" /><testcase classname="tests.test_decimal_money_migration" name="test_merchant_withdrawal_upi_rejected" time="0.077" /><testcase classname="tests.test_decimal_money_migration" name="test_cart_quote_guest_no_500" time="0.074" /></testsuite></testsuites>