<?xml version="1.0" encoding="utf-8"?><testsuites name="pytest tests"><testsuite name="pytest" errors="0" failures="0" skipped="3" tests="10" time="3.344" timestamp="2026-09-08T12:26:54.022213+00:00" hostname="agent-env-313bbf4c-5a3a-4729-bf94-c9951dd7fd0d"><testcase classname="tests.test_delete_person_and_otp" name="test_demo_otp_login_ok[admin-+919000000000]" time="0.375" /><testcase classname="tests.test_delete_person_and_otp" name="test_demo_otp_login_ok[customer-+919000000004]" time="0.280" /><testcase classname="tests.test_delete_person_and_otp" name="test_demo_otp_login_ok[partner-+919000000003]" time="0.319" /><testcase classname="tests.test_delete_person_and_otp" name="test_demo_otp_login_ok[merchant-+919000000002]" time="0.264" /><testcase classname="tests.test_delete_person_and_otp" name="test_demo_repeated_login_no_ratelimit" time="0.395" /><testcase classname="tests.test_delete_person_and_otp" name="test_send_otp_no_leak_when_sms_live_and_not_demo" time="0.437" /><testcase classname="tests.test_delete_person_and_otp" name="test_delete_qa_person[customer-7000000101]" time="0.556"><skipped type="pytest.skip" message="QA seed customer 7000000101 not present">/app/backend/tests/test_delete_person_and_otp.py:116: QA seed customer 7000000101 not present</skipped></testcase><testcase classname="tests.test_delete_person_and_otp" name="test_delete_qa_person[partner-7000000102]" time="0.173"><skipped type="pytest.skip" message="QA seed partner 7000000102 not present">/app/backend/tests/test_delete_person_and_otp.py:116: QA seed partner 7000000102 not present</skipped></testcase><testcase classname="tests.test_delete_person_and_otp" name="test_delete_qa_person[merchant-7000000103]" time="0.126"><skipped type="pytest.skip" message="QA seed merchant 7000000103 not present">/app/backend/tests/test_delete_person_and_otp.py:116: QA seed merchant 7000000103 not present</skipped></testcase><testcase classname="tests.test_delete_person_and_otp" name="test_delete_demo_partner_blocked" time="0.399" /></testsuite></testsuites>