<?xml version="1.0" encoding="utf-8"?><testsuites name="pytest tests"><testsuite name="pytest" errors="0" failures="0" skipped="0" tests="3" time="2.814" timestamp="2026-09-13T06:04:18.803318+00:00" hostname="agent-env-b55874f2-9efa-4d32-b575-106587f46575"><testcase classname="tests.test_home_stats_and_cache" name="test_home_stats_manual_persists_and_cache_busts" time="0.991" /><testcase classname="tests.test_home_stats_and_cache" name="test_home_stats_live_toggle" time="0.365" /><testcase classname="tests.test_home_stats_and_cache" name="test_homepage_sections_cache_bust_on_update" time="1.081" /></testsuite></testsuites>