<?xml version="1.0" encoding="utf-8"?><testsuites name="pytest tests"><testsuite name="pytest" errors="0" failures="0" skipped="0" tests="28" time="3.762" timestamp="2026-09-16T15:49:19.761930+00:00" hostname="agent-env-fbd372a3-aa48-4fbe-b16e-79fc7fd75de9"><testcase classname="tests.test_iter54_milestone2_screens.TestPartnerBankKyc" name="test_finance_kyc_get" time="0.387" /><testcase classname="tests.test_iter54_milestone2_screens.TestPartnerAvailability" name="test_calendar_get" time="0.400" /><testcase classname="tests.test_iter54_milestone2_screens.TestPartnerBankKyc" name="test_finance_kyc_banks_list" time="0.200" /><testcase classname="tests.test_iter54_milestone2_screens.TestPartnerAvailability" name="test_calendar_set" time="0.214" /><testcase classname="tests.test_iter54_milestone2_screens.TestPartnerBankKyc" name="test_pan_submit_shape" time="0.169" /><testcase classname="tests.test_iter54_milestone2_screens.TestPartnerAvailability" name="test_online_toggle" time="0.133" /><testcase classname="tests.test_iter54_milestone2_screens.TestPartnerRewards" name="test_challenges" time="0.141" /><testcase classname="tests.test_iter54_milestone2_screens.TestPartnerBankKyc" name="test_add_bank_and_delete" time="0.210" /><testcase classname="tests.test_iter54_milestone2_screens.TestPartnerRewards" name="test_leaderboard" time="0.126" /><testcase classname="tests.test_iter54_milestone2_screens.TestPartnerEarnings" name="test_earnings_summary" time="0.117" /><testcase classname="tests.test_iter54_milestone2_screens.TestPartnerRewards" name="test_my_bonuses" time="0.176" /><testcase classname="tests.test_iter54_milestone2_screens.TestPartnerEarnings" name="test_wallet_ledger" time="0.147" /><testcase classname="tests.test_iter54_milestone2_screens.TestMerchantCommission" name="test_summary" time="0.383" /><testcase classname="tests.test_iter54_milestone2_screens.TestMerchantNetwork" name="test_stats" time="0.417" /><testcase classname="tests.test_iter54_milestone2_screens.TestMerchantCommission" name="test_list" time="0.142" /><testcase classname="tests.test_iter54_milestone2_screens.TestMerchantNetwork" name="test_list" time="0.141" /><testcase classname="tests.test_iter54_milestone2_screens.TestMerchantBankKyc" name="test_finance_kyc_get" time="0.180" /><testcase classname="tests.test_iter54_milestone2_screens.TestBoundaries" name="test_partner_cannot_read_merchant_panel" time="0.149" /><testcase classname="tests.test_iter54_milestone2_screens.TestMerchantBankKyc" name="test_banks_list" time="0.130" /><testcase classname="tests.test_iter54_milestone2_screens.TestBoundaries" name="test_merchant_cannot_read_partner_earnings" time="0.140" /><testcase classname="tests.test_iter54_milestone2_screens.TestPartnerInvoices" name="test_invoices_list" time="0.167" /><testcase classname="tests.test_iter54_milestone2_screens.TestPartnerAnalytics" name="test_analytics" time="0.148" /><testcase classname="tests.test_iter54_milestone2_screens.TestPartnerVerification" name="test_verification" time="0.162" /><testcase classname="tests.test_iter54_milestone2_screens.TestSupportTickets" name="test_full_flow_partner" time="0.879" /><testcase classname="tests.test_iter54_milestone2_screens.TestNotifications" name="test_partner_notifications" time="0.119" /><testcase classname="tests.test_iter54_milestone2_screens.TestMerchantMyCode" name="test_my_code" time="0.166" /><testcase classname="tests.test_iter54_milestone2_screens.TestMerchantAnalytics" name="test_analytics" time="0.164" /><testcase classname="tests.test_iter54_milestone2_screens.TestMerchantReminders" name="test_reminders_panel" time="0.153" /></testsuite></testsuites>