<?xml version="1.0" encoding="utf-8"?><testsuites name="pytest tests"><testsuite name="pytest" errors="0" failures="1" skipped="1" tests="19" time="5.256" timestamp="2026-09-09T08:57:48.469133+00:00" hostname="agent-env-f937bb1c-7bce-4c69-9f54-982289e0ade8"><testcase classname="tests.test_iter40_dynamic_commission.TestCommissionSettingsValidation" name="test_reject_when_four_pcts_not_100" time="0.370" /><testcase classname="tests.test_iter40_dynamic_commission.TestCommissionSettingsValidation" name="test_accept_when_four_pcts_total_100_and_persist" time="0.894" /><testcase classname="tests.test_iter40_dynamic_commission.TestInvoiceRoleVisibility" name="test_customer_invoice_hides_commission" time="0.714" /><testcase classname="tests.test_iter40_dynamic_commission.TestInvoiceRoleVisibility" name="test_partner_invoice_has_role_earning_no_platform" time="0.465" /><testcase classname="tests.test_iter40_dynamic_commission.TestCommissionSettingsValidation" name="test_reject_cancellation_split_not_100" time="0.085" /><testcase classname="tests.test_iter40_dynamic_commission.TestCommissionSettingsValidation" name="test_accept_cancellation_split_100" time="0.723" /><testcase classname="tests.test_iter40_dynamic_commission.TestInvoiceRoleVisibility" name="test_merchant_invoice_role_earning_only_referral" time="0.487" /><testcase classname="tests.test_iter40_dynamic_commission.TestInvoiceRoleVisibility" name="test_admin_invoice_full" time="0.215" /><testcase classname="tests.test_iter40_dynamic_commission.TestNo500s" name="test_admin_bookings_no_500" time="0.084" /><testcase classname="tests.test_iter40_dynamic_commission.TestNo500s" name="test_customer_invoices_no_500" time="0.091" /><testcase classname="tests.test_iter40_dynamic_commission.TestNo500s" name="test_partner_earnings_no_500" time="0.078" /><testcase classname="tests.test_iter40_dynamic_commission.TestInvoiceListVisibility" name="test_admin_summary_has_commission_amount" time="0.102" /><testcase classname="tests.test_iter40_dynamic_commission.TestNo500s" name="test_merchant_invoices_no_500" time="0.094" /><testcase classname="tests.test_iter40_dynamic_commission.TestLedgerReconciliation" name="test_existing_ledger_sums_to_base" time="0.489" /><testcase classname="tests.test_iter40_dynamic_commission.TestLedgerReconciliation" name="test_platform_absorbs_ineligible_referral" time="0.319" /><testcase classname="tests.test_iter40_dynamic_commission.TestInvoiceListVisibility" name="test_customer_partner_merchant_summary_no_commission_amount" time="1.169" /><testcase classname="tests.test_iter40_dynamic_commission.TestInvoiceCommissionRate" name="test_admin_commission_pct_matches_settings" time="1.888" /><testcase classname="tests.test_iter40_dynamic_commission.TestInvoiceListVisibility" name="test_partner_list_display_amount_is_partner_net" time="0.343"><failure message="AssertionError: 2/3 partner invoices show customer GROSS as display_amount: [{'invoice': 'INV-2026-000005', 'booking_id': '93184cfc-3e18-4621-8871-6c7872fc3f44', 'gross': 1060.82, 'partner_amt': 719.2, 'display': 1060.82}, {'invoice': 'INV-2026-000006', 'booking_id': '79c59388-3adc-4e90-912a-26432a5abbd6', 'gross': 706.82, 'partner_amt': 479.2, 'display': 706.82}]&#10;assert not [{'invoice': 'INV-2026-000005', 'booking_id': '93184cfc-3e18-4621-8871-6c7872fc3f44', 'gross': 1060.82, 'partner_amt': 719.2, ...}, {'invoice': 'INV-2026-000006', 'booking_id': '79c59388-3adc-4e90-912a-26432a5abbd6', 'gross': 706.82, 'partner_amt': 479.2, ...}]">E   AssertionError: 2/3 partner invoices show customer GROSS as display_amount: [{'invoice': 'INV-2026-000005', 'booking_id': '93184cfc-3e18-4621-8871-6c7872fc3f44', 'gross': 1060.82, 'partner_amt': 719.2, 'display': 1060.82}, {'invoice': 'INV-2026-000006', 'booking_id': '79c59388-3adc-4e90-912a-26432a5abbd6', 'gross': 706.82, 'partner_amt': 479.2, 'display': 706.82}]
    assert not [{'invoice': 'INV-2026-000005', 'booking_id': '93184cfc-3e18-4621-8871-6c7872fc3f44', 'gross': 1060.82, 'partner_amt': 719.2, ...}, {'invoice': 'INV-2026-000006', 'booking_id': '79c59388-3adc-4e90-912a-26432a5abbd6', 'gross': 706.82, 'partner_amt': 479.2, ...}]</failure></testcase><testcase classname="tests.test_iter40_dynamic_commission.TestPartnerEarningsSummary" name="test_gross_minus_tax_minus_net_equals_platform_commission" time="0.795"><skipped type="pytest.skip" message="partner has no earnings yet">/app/backend/tests/test_iter40_dynamic_commission.py:321: partner has no earnings yet</skipped></testcase></testsuite></testsuites>