<?xml version="1.0" encoding="utf-8"?><testsuites name="pytest tests"><testsuite name="pytest" errors="0" failures="0" skipped="0" tests="16" time="5.483" timestamp="2026-09-05T06:20:09.203100+00:00" hostname="agent-env-ff40de72-ae41-4fb2-99ea-41975b771a96"><testcase classname="tests.test_livestatus_missed.TestPartnerMissed" name="test_missed_shape" time="3.450" /><testcase classname="tests.test_livestatus_missed.TestDispatchStatus" name="test_list_bookings" time="2.977" /><testcase classname="tests.test_livestatus_missed.TestDispatchStatus" name="test_searching_booking_status_shape" time="0.122" /><testcase classname="tests.test_livestatus_missed.TestDispatchStatus" name="test_all_searching_bookings_ok" time="0.156" /><testcase classname="tests.test_livestatus_missed.TestDispatchStatus" name="test_non_searching_booking" time="0.150" /><testcase classname="tests.test_livestatus_missed.TestDispatchStatus" name="test_admin_allowed" time="0.230" /><testcase classname="tests.test_livestatus_missed.TestPartnerMissed" name="test_missed_only_searching_and_eligible" time="0.414" /><testcase classname="tests.test_livestatus_missed.TestDispatchStatus" name="test_other_user_forbidden" time="0.210" /><testcase classname="tests.test_livestatus_missed.TestDispatchStatus" name="test_unauthenticated" time="0.120" /><testcase classname="tests.test_livestatus_missed.TestDispatchStatus" name="test_bad_booking_id" time="0.094" /><testcase classname="tests.test_livestatus_missed.TestPartnerMissed" name="test_customer_forbidden" time="0.242" /><testcase classname="tests.test_livestatus_missed.TestRegression" name="test_ring_pending" time="0.220" /><testcase classname="tests.test_livestatus_missed.TestPartnerMissed" name="test_unauthenticated" time="0.093" /><testcase classname="tests.test_livestatus_missed.TestRegression" name="test_partner_jobs" time="0.215" /><testcase classname="tests.test_livestatus_missed.TestRegression" name="test_partner_active_and_dashboard_route_order" time="0.336" /><testcase classname="tests.test_livestatus_missed.TestRegression" name="test_dispatch_timeline" time="0.320" /></testsuite></testsuites>