<?xml version="1.0" encoding="utf-8"?><testsuites name="pytest tests"><testsuite name="pytest" errors="0" failures="1" skipped="0" tests="9" time="3.010" timestamp="2026-09-24T17:24:28.657987+00:00" hostname="agent-env-557348f3-14b4-4ad6-a837-1a7bf2ca5b1e"><testcase classname="tests.test_merchant_qr_poster_iter102.TestQRAttribution" name="test_qr_scan_public_and_analytics" time="1.096" /><testcase classname="tests.test_merchant_qr_poster_iter102.TestPosterEndpoint" name="test_png" time="1.162" /><testcase classname="tests.test_merchant_qr_poster_iter102.TestPosterEndpoint" name="test_jpg" time="0.259" /><testcase classname="tests.test_merchant_qr_poster_iter102.TestPosterEndpoint" name="test_pdf" time="0.194" /><testcase classname="tests.test_merchant_qr_poster_iter102.TestQRAttribution" name="test_booking_with_merchant_ref" time="0.632"><failure message="AssertionError: booking failed: 400 {&quot;detail&quot;:&quot;Please pick a valid time slot&quot;}&#10;assert 400 == 200&#10; +  where 400 = &lt;Response [400]&gt;.status_code">backend/tests/test_merchant_qr_poster_iter102.py:144: in test_booking_with_merchant_ref
    assert r.status_code == 200, f"booking failed: {r.status_code} {r.text[:300]}"
E   AssertionError: booking failed: 400 {"detail":"Please pick a valid time slot"}
E   assert 400 == 200
E    +  where 400 = &lt;Response [400]&gt;.status_code</failure></testcase><testcase classname="tests.test_merchant_qr_poster_iter102.TestPosterEndpoint" name="test_unauthenticated" time="0.155" /><testcase classname="tests.test_merchant_qr_poster_iter102.TestPosterEndpoint" name="test_non_merchant_forbidden" time="0.415" /><testcase classname="tests.test_merchant_qr_poster_iter102.TestPosterEndpoint" name="test_foreign_link_rebuilt" time="0.226" /><testcase classname="tests.test_merchant_qr_poster_iter102.TestPosterEndpoint" name="test_weird_fmt_falls_back_png" time="0.255" /></testsuite></testsuites>