<?xml version="1.0" encoding="utf-8"?><testsuites name="pytest tests"><testsuite name="pytest" errors="0" failures="0" skipped="0" tests="8" time="1.620" timestamp="2026-09-26T05:00:42.946643+00:00" hostname="agent-env-dfb20d69-1006-4288-b388-76e8bf41d30d"><testcase classname="tests.test_profile_addresses" name="test_auth_config" time="0.463" /><testcase classname="tests.test_profile_addresses" name="test_get_me" time="0.061" /><testcase classname="tests.test_profile_addresses" name="test_update_profile_and_persist" time="0.129" /><testcase classname="tests.test_profile_addresses" name="test_list_addresses" time="0.064" /><testcase classname="tests.test_profile_addresses" name="test_address_persisted" time="0.189" /><testcase classname="tests.test_profile_addresses" name="test_update_address" time="0.125" /><testcase classname="tests.test_profile_addresses" name="test_set_default" time="0.127" /><testcase classname="tests.test_profile_addresses" name="test_serviceability" time="0.133" /></testsuite></testsuites>