<?xml version="1.0" encoding="utf-8"?><testsuites name="pytest tests"><testsuite name="pytest" errors="0" failures="0" skipped="0" tests="6" time="0.547" timestamp="2026-09-25T18:23:33.989039+00:00" hostname="agent-env-dfb20d69-1006-4288-b388-76e8bf41d30d"><testcase classname="tests.test_app_home_iter121.TestPublicAppHome" name="test_public_home_200_shape" time="0.024" /><testcase classname="tests.test_app_home_iter121.TestAdminAuth" name="test_admin_get_requires_token" time="0.007" /><testcase classname="tests.test_app_home_iter121.TestAdminAuth" name="test_admin_get_ok" time="0.022" /><testcase classname="tests.test_app_home_iter121.TestPublicAppHome" name="test_public_home_with_city" time="0.013" /><testcase classname="tests.test_app_home_iter121.TestAdminAuth" name="test_customer_put_forbidden" time="0.022" /><testcase classname="tests.test_app_home_iter121.TestAdminMutationRoundtrip" name="test_modify_then_restore" time="0.053" /></testsuite></testsuites>