<?xml version="1.0" encoding="utf-8"?><testsuites name="pytest tests"><testsuite name="pytest" errors="0" failures="1" skipped="1" tests="5" time="1.478" timestamp="2026-09-08T18:52:13.149473+00:00" hostname="agent-env-313bbf4c-5a3a-4729-bf94-c9951dd7fd0d"><testcase classname="tests.test_iter33_quick_fixes.TestPartnerPhoneInBooking" name="test_customer_bookings_shape_has_partner_phone_key" time="0.531"><failure message="AssertionError: partner_phone key missing on bookings: ['441e023d-0484-4441-98c4-815da0004e0b', '466ba8bd-0154-49e3-9d01-fc1735cfa786', '3a084bc1-d78e-45f0-9d4f-4212419f8fce', '675535ba-8814-420a-9d62-4a24c466d46d']&#10;assert not ['441e023d-0484-4441-98c4-815da0004e0b', '466ba8bd-0154-49e3-9d01-fc1735cfa786', '3a084bc1-d78e-45f0-9d4f-4212419f8fce', '675535ba-8814-420a-9d62-4a24c466d46d']">E   AssertionError: partner_phone key missing on bookings: ['441e023d-0484-4441-98c4-815da0004e0b', '466ba8bd-0154-49e3-9d01-fc1735cfa786', '3a084bc1-d78e-45f0-9d4f-4212419f8fce', '675535ba-8814-420a-9d62-4a24c466d46d']
    assert not ['441e023d-0484-4441-98c4-815da0004e0b', '466ba8bd-0154-49e3-9d01-fc1735cfa786', '3a084bc1-d78e-45f0-9d4f-4212419f8fce', '675535ba-8814-420a-9d62-4a24c466d46d']</failure></testcase><testcase classname="tests.test_iter33_quick_fixes.TestLatestDeviceOnly" name="test_register_two_tokens_keeps_only_latest" time="0.994" /><testcase classname="tests.test_iter33_quick_fixes.TestPartnerPhoneInBooking" name="test_assigned_booking_has_partner_phone_value_or_detail_returns_it" time="0.089"><skipped type="pytest.skip" message="No assigned booking to verify partner_phone value">/app/backend/tests/test_iter33_quick_fixes.py:38: No assigned booking to verify partner_phone value</skipped></testcase><testcase classname="tests.test_iter33_quick_fixes.TestRefundNetAmount" name="test_refunds_list_shape_and_refund_amount" time="0.097" /><testcase classname="tests.test_iter33_quick_fixes.TestLatestDeviceOnly" name="test_register_device_requires_token" time="0.120" /></testsuite></testsuites>