<?xml version="1.0" encoding="utf-8"?><testsuites name="pytest tests"><testsuite name="pytest" errors="0" failures="0" skipped="0" tests="4" time="18.173" timestamp="2026-09-13T05:41:39.350002+00:00" hostname="agent-env-b55874f2-9efa-4d32-b575-106587f46575"><testcase classname="tests.test_homepage_iter45.TestSiteConfig" name="test_config_stats_keys" time="17.629" /><testcase classname="tests.test_homepage_iter45.TestHomepage" name="test_homepage_no_city" time="17.640" /><testcase classname="tests.test_homepage_iter45.TestHomepage" name="test_homepage_with_city_patna" time="0.110" /><testcase classname="tests.test_homepage_iter45.TestPromotions" name="test_promotions_shape" time="0.082" /></testsuite></testsuites>