<?xml version="1.0" encoding="utf-8"?><testsuites name="pytest tests"><testsuite name="pytest" errors="0" failures="0" skipped="0" tests="174" time="43.648" timestamp="2026-08-26T11:33:43.424705+00:00" hostname="agent-env-b831aa68-1c6e-40f3-9d5c-e5d72ad0be15"><testcase classname="tests.backend_test.TestAdmin" name="test_dashboard" time="0.405" /><testcase classname="tests.backend_test.TestDirectBookingFlow" name="test_01_create_booking" time="0.498" /><testcase classname="tests.backend_test.TestAdmin" name="test_bookings" time="0.079" /><testcase classname="tests.backend_test.TestAdmin" name="test_bookings_status_filter" time="0.092" /><testcase classname="tests.backend_test.TestAdmin" name="test_users_by_role" time="0.069" /><testcase classname="tests.backend_test.TestAdmin" name="test_kyc_approve" time="0.200" /><testcase classname="tests.backend_test.TestDirectBookingFlow" name="test_02_partner_sees_job" time="0.347" /><testcase classname="tests.backend_test.TestDirectBookingFlow" name="test_03_accept" time="0.145" /><testcase classname="tests.backend_test.TestAdmin" name="test_settings_update_persists" time="0.299" /><testcase classname="tests.backend_test.TestDirectBookingFlow" name="test_04_otps_hidden_from_partner_visible_to_customer" time="0.143" /><testcase classname="tests.backend_test.TestDirectBookingFlow" name="test_05_wrong_start_otp_rejected" time="0.114" /><testcase classname="tests.backend_test.TestAdmin" name="test_coupons_crud" time="0.119" /><testcase classname="tests.backend_test.TestDirectBookingFlow" name="test_06_start_and_evidence" time="0.147" /><testcase classname="tests.backend_test.TestAdmin" name="test_ledger" time="0.071" /><testcase classname="tests.backend_test.TestAdmin" name="test_admin_routes_reject_partner[/admin/dashboard]" time="0.304" /><testcase classname="tests.backend_test.TestDirectBookingFlow" name="test_07_complete_and_commission_split" time="0.483" /><testcase classname="tests.backend_test.TestAdmin" name="test_admin_routes_reject_partner[/admin/settings]" time="0.109" /><testcase classname="tests.backend_test.TestAdmin" name="test_admin_routes_reject_partner[/admin/users]" time="0.062" /><testcase classname="tests.backend_test.TestAdmin" name="test_admin_routes_reject_partner[/admin/bookings]" time="0.072" /><testcase classname="tests.backend_test.TestDirectBookingFlow" name="test_08_commission_math" time="0.135" /><testcase classname="tests.backend_test.TestAdmin" name="test_admin_routes_reject_partner[/admin/coupons]" time="0.103" /><testcase classname="tests.backend_test.TestAdmin" name="test_admin_routes_reject_partner[/admin/ledger]" time="0.066" /><testcase classname="tests.backend_test.TestDirectBookingFlow" name="test_08b_partner_wallet_credited" time="0.075" /><testcase classname="tests.backend_test.TestAdmin" name="test_admin_routes_reject_anon" time="0.111" /><testcase classname="tests.backend_test.TestDirectBookingFlow" name="test_09_pay" time="0.149" /><testcase classname="tests.backend_test.TestDirectBookingFlow" name="test_10_review" time="0.073" /><testcase classname="tests.backend_test.TestDirectBookingFlow" name="test_11_list_bookings" time="0.152" /><testcase classname="tests.test_singlelogin_demo.TestSecurityRegressionV2" name="test_00_setup_assigned_booking" time="0.522" /><testcase classname="tests.backend_test.TestDirectBookingFlow" name="test_12_other_customer_cannot_read_booking" time="0.317" /><testcase classname="tests.test_singlelogin_demo.TestSecurityRegressionV2" name="test_01_foreign_user_403_on_get" time="0.351" /><testcase classname="tests.backend_test.TestBookingOwnership" name="test_00_setup" time="0.152" /><testcase classname="tests.backend_test.TestBookingOwnership" name="test_01_foreign_customer_cannot_read_otps" time="0.307" /><testcase classname="tests.test_singlelogin_demo.TestSecurityRegressionV2" name="test_02_otp_whitelist_by_role" time="0.404" /><testcase classname="tests.backend_test.TestBookingOwnership" name="test_02_foreign_partner_cannot_start_job" time="0.486" /><testcase classname="tests.test_singlelogin_demo.TestSecurityRegressionV2" name="test_03_foreign_partner_403_on_money_endpoints" time="0.541" /><testcase classname="tests.backend_test.TestBookingOwnership" name="test_03_foreign_partner_cannot_complete_and_take_money" time="0.302" /><testcase classname="tests.test_singlelogin_demo.TestSecurityRegressionV2" name="test_04_pay_requires_completed_status" time="0.068" /><testcase classname="tests.backend_test.TestBookingOwnership" name="test_04_foreign_customer_cannot_pay" time="0.408" /><testcase classname="tests.test_singlelogin_demo.TestSecurityRegressionV2" name="test_05_review_requires_completed" time="0.067" /><testcase classname="tests.test_singlelogin_demo.TestSecurityRegressionV2" name="test_06_complete_flow_then_pay_idempotent_and_review_once" time="1.166" /><testcase classname="tests.backend_test.TestBookingOwnership" name="test_05_foreign_customer_cannot_review" time="0.269" /><testcase classname="tests.backend_test.TestBookingOwnership" name="test_06_shop_otp_not_allowed_on_direct_booking" time="0.072" /><testcase classname="tests.backend_test.TestBookingOwnership" name="test_07_double_accept_rejected" time="0.072" /><testcase classname="tests.backend_test.TestBookingOwnership" name="test_08_pay_before_completion_rejected" time="0.065" /><testcase classname="tests.backend_test.TestBookingOwnership" name="test_09_ineligible_partner_cannot_accept_out_of_skill_job" time="0.623" /><testcase classname="tests.test_singlelogin_demo.TestSecurityRegressionV2" name="test_07_partner_rating_bounded" time="0.052" /><testcase classname="tests.test_singlelogin_demo.TestSecurityRegressionV2" name="test_08_atomic_accept" time="1.102" /><testcase classname="tests.backend_test.TestAuth" name="test_send_and_verify_otp_all_roles[admin]" time="0.174" /><testcase classname="tests.backend_test.TestAuth" name="test_send_and_verify_otp_all_roles[merchant]" time="0.134" /><testcase classname="tests.backend_test.TestAuth" name="test_send_and_verify_otp_all_roles[partner]" time="0.133" /><testcase classname="tests.backend_test.TestAuth" name="test_send_and_verify_otp_all_roles[customer]" time="0.171" /><testcase classname="tests.backend_test.TestAuth" name="test_verify_wrong_otp_rejected" time="0.131" /><testcase classname="tests.backend_test.TestAuth" name="test_me" time="0.069" /><testcase classname="tests.backend_test.TestAuth" name="test_me_without_token" time="0.058" /><testcase classname="tests.backend_test.TestAuth" name="test_me_bad_token" time="0.117" /><testcase classname="tests.test_singlelogin_demo.TestSecurityRegressionV2" name="test_09_wallet_topup_bounds" time="0.144" /><testcase classname="tests.backend_test.TestAuth" name="test_role_from_db_not_client" time="0.210" /><testcase classname="tests.test_singlelogin_demo.TestSecurityRegressionV2" name="test_10_role_guards" time="0.291" /><testcase classname="tests.test_erp_admin.TestPayouts" name="test_01_partner_wallet_and_request" time="0.155" /><testcase classname="tests.test_erp_admin.TestCMS" name="test_crud_and_public_visibility[banners-payload0-banners]" time="0.665" /><testcase classname="tests.test_erp_admin.TestPayouts" name="test_02_payout_exceeding_wallet_rejected" time="0.108" /><testcase classname="tests.test_erp_admin.TestPayouts" name="test_03_payout_non_positive_rejected" time="0.072" /><testcase classname="tests.test_erp_admin.TestPayouts" name="test_04_my_payouts_lists_it" time="0.069" /><testcase classname="tests.test_erp_admin.TestPayouts" name="test_05_admin_sees_payout" time="0.062" /><testcase classname="tests.test_erp_admin.TestPayouts" name="test_06_admin_payouts_rejects_partner" time="0.070" /><testcase classname="tests.test_erp_admin.TestPayouts" name="test_07_approve_deducts_wallet_and_creates_txn" time="0.190" /><testcase classname="tests.test_erp_admin.TestPayouts" name="test_08_approve_again_rejected" time="0.052" /><testcase classname="tests.test_erp_admin.TestPayouts" name="test_09_unknown_payout_404" time="0.093" /><testcase classname="tests.test_erp_admin.TestCMS" name="test_crud_and_public_visibility[faqs-payload1-faqs]" time="0.511" /><testcase classname="tests.test_integrations_phase3.TestPayments" name="test_wallet_order_returns_mock" time="0.109" /><testcase classname="tests.test_integrations_phase3.TestPayments" name="test_wallet_mock_pay_credits_wallet" time="0.206" /><testcase classname="tests.test_integrations_phase3.TestPayments" name="test_invalid_amount_rejected" time="0.208" /><testcase classname="tests.test_erp_admin.TestCMS" name="test_crud_and_public_visibility[blogs-payload2-blogs]" time="0.559" /><testcase classname="tests.test_integrations_phase3.TestPayments" name="test_unknown_booking_404" time="0.065" /><testcase classname="tests.test_integrations_phase3.TestPayments" name="test_non_customer_roles_forbidden" time="0.712" /><testcase classname="tests.test_erp_admin.TestCMS" name="test_crud_and_public_visibility[plans-payload3-plans]" time="0.554" /><testcase classname="tests.test_integrations_phase3.TestPayments" name="test_other_customers_booking_403" time="0.574" /><testcase classname="tests.test_erp_admin.TestCMS" name="test_cms_admin_only[banners]" time="0.129" /><testcase classname="tests.test_erp_admin.TestCMS" name="test_cms_admin_only[faqs]" time="0.126" /><testcase classname="tests.test_erp_admin.TestCMS" name="test_cms_admin_only[blogs]" time="0.130" /><testcase classname="tests.test_integrations_phase3.TestPayments" name="test_verify_fails_without_gateway" time="0.065" /><testcase classname="tests.test_erp_admin.TestCMS" name="test_cms_admin_only[plans]" time="0.128" /><testcase classname="tests.backend_test.TestCatalog" name="test_categories_seeded" time="0.065" /><testcase classname="tests.backend_test.TestCatalog" name="test_services" time="0.060" /><testcase classname="tests.backend_test.TestMerchantReferral" name="test_dashboard_lifetime_earning" time="0.068" /><testcase classname="tests.backend_test.TestCatalog" name="test_services_filter_by_category" time="0.124" /><testcase classname="tests.backend_test.TestMerchantReferral" name="test_referrals_list" time="0.058" /><testcase classname="tests.backend_test.TestCatalog" name="test_service_detail" time="0.108" /><testcase classname="tests.backend_test.TestMerchantReferral" name="test_onboard_partner" time="0.119" /><testcase classname="tests.backend_test.TestCatalog" name="test_service_detail_404" time="0.102" /><testcase classname="tests.backend_test.TestMerchantReferral" name="test_already_referred_partner_rejected" time="0.067" /><testcase classname="tests.backend_test.TestMerchantReferral" name="test_customer_cannot_access_merchant_dashboard" time="0.066" /><testcase classname="tests.backend_test.TestCatalog" name="test_create_category_requires_admin" time="0.067" /><testcase classname="tests.backend_test.TestMerchantReferral" name="test_customer_cannot_create_merchant_booking" time="0.065" /><testcase classname="tests.test_singlelogin_demo.TestSingleLogin" name="test_seeded_phone_maps_to_role[admin-+919000000000]" time="0.168" /><testcase classname="tests.backend_test.TestQuote" name="test_quote_basic" time="0.112" /><testcase classname="tests.backend_test.TestQuote" name="test_quote_coupon_azo50_capped" time="0.114" /><testcase classname="tests.test_singlelogin_demo.TestSingleLogin" name="test_seeded_phone_maps_to_role[merchant-+919000000002]" time="0.168" /><testcase classname="tests.backend_test.TestQuote" name="test_quote_emergency_surcharge" time="0.105" /><testcase classname="tests.test_singlelogin_demo.TestSingleLogin" name="test_seeded_phone_maps_to_role[partner-+919000000003]" time="0.171" /><testcase classname="tests.backend_test.TestQuote" name="test_quote_invalid_service" time="0.067" /><testcase classname="tests.backend_test.TestQuote" name="test_quote_invalid_coupon" time="0.053" /><testcase classname="tests.backend_test.TestMerchantBooking" name="test_01_create" time="0.065" /><testcase classname="tests.test_singlelogin_demo.TestSingleLogin" name="test_seeded_phone_maps_to_role[customer-+919000000004]" time="0.130" /><testcase classname="tests.backend_test.TestMerchantBooking" name="test_02_partner_accept" time="0.127" /><testcase classname="tests.test_singlelogin_demo.TestSingleLogin" name="test_new_phone_becomes_customer_only" time="0.131" /><testcase classname="tests.backend_test.TestMerchantBooking" name="test_03_shop_otp" time="0.249" /><testcase classname="tests.test_singlelogin_demo.TestSingleLogin" name="test_client_supplied_role_is_ignored" time="0.355" /><testcase classname="tests.backend_test.TestMerchantBooking" name="test_04_start_and_complete" time="0.271" /><testcase classname="tests.backend_test.TestWallet" name="test_get_wallet" time="0.075" /><testcase classname="tests.backend_test.TestWallet" name="test_topup_increases_balance" time="0.326" /><testcase classname="tests.backend_test.TestMerchantBooking" name="test_05_merchant_booking_commission_credited" time="0.051" /><testcase classname="tests.test_erp_admin.TestTickets" name="test_01_customer_creates_ticket" time="0.072" /><testcase classname="tests.test_erp_admin.TestTickets" name="test_02_my_tickets_only_mine" time="0.184" /><testcase classname="tests.test_erp_admin.TestTickets" name="test_03_admin_lists_and_replies" time="0.172" /><testcase classname="tests.backend_test.TestWallet" name="test_topup_negative_amount_rejected" time="0.106" /><testcase classname="tests.backend_test.TestWallet" name="test_partner_earnings" time="0.080" /><testcase classname="tests.test_erp_admin.TestTickets" name="test_04_admin_closes" time="0.093" /><testcase classname="tests.backend_test.TestWallet" name="test_partner_earnings_role_guard" time="0.068" /><testcase classname="tests.test_erp_admin.TestNotifications" name="test_01_admin_sends_partner_audience" time="0.056" /><testcase classname="tests.test_erp_admin.TestTickets" name="test_05_admin_ticket_routes_reject_customer" time="0.070" /><testcase classname="tests.test_erp_admin.TestNotifications" name="test_02_admin_sends_all_audience" time="0.066" /><testcase classname="tests.test_erp_admin.TestRefunds" name="test_01_create_refund_credits_customer" time="0.359" /><testcase classname="tests.test_erp_admin.TestNotifications" name="test_03_partner_sees_both" time="0.071" /><testcase classname="tests.test_erp_admin.TestNotifications" name="test_04_customer_sees_only_all" time="0.068" /><testcase classname="tests.test_erp_admin.TestNotifications" name="test_05_send_rejects_non_admin" time="0.069" /><testcase classname="tests.test_erp_admin.TestCatalogAdmin" name="test_01_create_category" time="0.067" /><testcase classname="tests.test_erp_admin.TestCatalogAdmin" name="test_02_create_service" time="0.154" /><testcase classname="tests.test_erp_admin.TestRefunds" name="test_02_refund_listed" time="0.065" /><testcase classname="tests.test_erp_admin.TestRefunds" name="test_03_refund_unknown_booking_404" time="0.053" /><testcase classname="tests.test_erp_admin.TestRefunds" name="test_04_refund_rejects_non_admin" time="0.063" /><testcase classname="tests.test_erp_admin.TestCatalogAdmin" name="test_03_delete_service" time="0.131" /><testcase classname="tests.test_integrations_phase3.TestOtpFallback" name="test_send_otp_non_demo_returns_dev_otp" time="0.113" /><testcase classname="tests.test_erp_admin.TestCatalogAdmin" name="test_04_create_service_rejects_non_admin" time="0.069" /><testcase classname="tests.test_integrations_phase3.TestOtpFallback" name="test_verify_otp_creates_customer" time="0.114" /><testcase classname="tests.test_integrations_phase3.TestAdminIntegrations" name="test_public_config_has_no_secrets" time="0.098" /><testcase classname="tests.test_integrations_phase3.TestOtpFallback" name="test_wrong_otp_rejected" time="0.111" /><testcase classname="tests.test_integrations_phase3.TestAdminIntegrations" name="test_admin_can_save_and_read_fast2sms_config" time="0.753" /><testcase classname="tests.test_integrations_phase3.TestOtpFallback" name="test_demo_account_fixed_otp" time="0.107" /><testcase classname="tests.test_integrations_phase3.TestProfile" name="test_update_profile_persists" time="0.133" /><testcase classname="tests.test_integrations_phase3.TestProfile" name="test_profile_response_has_no_password_hash_or_objectid" time="0.130" /><testcase classname="tests.test_integrations_phase3.TestProfile" name="test_profile_requires_auth" time="0.051" /><testcase classname="tests.test_integrations_phase3.TestProfile" name="test_profile_fields_flags_exposed" time="0.061" /><testcase classname="tests.test_integrations_phase3.TestBookingPaymentLifecycle" name="test_01_create_and_complete_booking" time="0.613" /><testcase classname="tests.test_integrations_phase3.TestAdminIntegrations" name="test_settings_write_requires_admin" time="0.071" /><testcase classname="tests.test_integrations_phase3.TestAdminIntegrations" name="test_settings_read_requires_auth" time="0.108" /><testcase classname="tests.test_singlelogin_demo.TestDemoMode" name="test_01_demo_status_on" time="0.101" /><testcase classname="tests.test_singlelogin_demo.TestDemoMode" name="test_02_demo_fixed_otp_login_works" time="0.346" /><testcase classname="tests.test_integrations_phase3.TestBookingPaymentLifecycle" name="test_02_order_is_mock_with_booking_total" time="0.109" /><testcase classname="tests.test_integrations_phase3.TestBookingPaymentLifecycle" name="test_03_mock_pay_marks_paid" time="0.192" /><testcase classname="tests.test_singlelogin_demo.TestDemoMode" name="test_03_toggle_off_blocks_demo_login_then_restore" time="0.608" /><testcase classname="tests.test_integrations_phase3.TestBookingPaymentLifecycle" name="test_04_already_paid_rejected" time="0.129" /><testcase classname="tests.backend_test.TestAI" name="test_customer_chat" time="4.623" /><testcase classname="tests.test_singlelogin_demo.TestDemoMode" name="test_04_demo_login_restored" time="0.066" /><testcase classname="tests.backend_test.TestSelfSignupPrivilege" name="test_random_phone_cannot_self_register_as_admin" time="0.294" /><testcase classname="tests.backend_test.TestSelfSignupPrivilege" name="test_random_phone_cannot_self_register_as_approved_partner" time="0.303" /><testcase classname="tests.backend_test.TestSelfSignupPrivilege" name="test_otp_cannot_be_reused" time="0.231" /><testcase classname="tests.test_integrations_phase3.TestGoogleGating" name="test_google_disabled_returns_403" time="0.228" /><testcase classname="tests.test_integrations_phase3.TestGoogleGating" name="test_google_enabled_no_client_id_returns_400" time="0.229" /><testcase classname="tests.test_integrations_phase3.TestGoogleGating" name="test_google_bogus_credential_no_session" time="0.350" /><testcase classname="tests.test_singlelogin_demo.TestAIChatV2" name="test_first_turn_no_session_id" time="5.487" /><testcase classname="tests.backend_test.TestAI" name="test_admin_chat_insights" time="8.553" /><testcase classname="tests.test_singlelogin_demo.TestAIChatV2" name="test_second_turn_with_session_id" time="7.227" /><testcase classname="tests.backend_test.TestAI" name="test_chat_requires_auth" time="0.084" /><testcase classname="tests.test_erp_admin.TestAdminDashboardExtras" name="test_dashboard_new_fields" time="0.084" /><testcase classname="tests.test_erp_admin.TestAdminDashboardExtras" name="test_dashboard_rejects_customer" time="0.063" /><testcase classname="tests.test_erp_admin.TestReviewValidation" name="test_rating_bounds_and_once" time="1.104" /><testcase classname="tests.test_erp_admin.TestReviewValidation" name="test_partner_avg_rating_not_doubled" time="0.052" /><testcase classname="tests.backend_test.TestHealth" name="test_root" time="0.060" /><testcase classname="tests.backend_test.TestReviewAggregation" name="test_partner_rating_within_bounds" time="0.064" /><testcase classname="tests.backend_test.TestAIPayloadContract" name="test_explicit_null_session_id" time="4.167" /><testcase classname="tests.test_singlelogin_demo.TestAIChatV2" name="test_admin_chat" time="13.760" /><testcase classname="tests.test_erp_admin.TestSystemUsers" name="test_only_admin_staff" time="0.073" /><testcase classname="tests.test_erp_admin.TestSystemUsers" name="test_rejects_merchant" time="0.078" /></testsuite></testsuites>