<?xml version="1.0" encoding="utf-8"?><testsuites name="pytest tests"><testsuite name="pytest" errors="0" failures="1" skipped="0" tests="5" time="1.784" timestamp="2026-09-24T18:26:19.617824+00:00" hostname="agent-env-557348f3-14b4-4ad6-a837-1a7bf2ca5b1e"><testcase classname="tests.test_merchant_qr_share_page_iter106.TestSharePage" name="test_whatsapp_channel_valid_code" time="0.381" /><testcase classname="tests.test_merchant_qr_share_page_iter106.TestSharePage" name="test_system_channel_button_text" time="0.338" /><testcase classname="tests.test_merchant_qr_share_page_iter106.TestSharePage" name="test_invalid_code_404" time="0.159" /><testcase classname="tests.test_merchant_qr_share_page_iter106.TestSharePage" name="test_caption_with_script_is_safely_encoded" time="0.315"><failure message="AssertionError: Unescaped &lt;/script&gt; in CAP literal: &quot;&lt;script&gt;alert(1)&lt;/script&gt;\nhttps://example.com/?ref=X&quot;&#10;assert '&lt;/script&gt;' not in '&quot;&lt;script&gt;al....com/?ref=X&quot;'&#10;  &#10;  '&lt;/script&gt;' is contained here:&#10;    &quot;&lt;script&gt;alert(1)&lt;/script&gt;\nhttps://example.com/?ref=X&quot;&#10;  ?                  +++++++++">E   AssertionError: Unescaped &lt;/script&gt; in CAP literal: "&lt;script&gt;alert(1)&lt;/script&gt;\nhttps://example.com/?ref=X"
    assert '&lt;/script&gt;' not in '"&lt;script&gt;al....com/?ref=X"'
      
      '&lt;/script&gt;' is contained here:
        "&lt;script&gt;alert(1)&lt;/script&gt;\nhttps://example.com/?ref=X"
      ?                  +++++++++</failure></testcase><testcase classname="tests.test_merchant_qr_share_page_iter106.TestSharePage" name="test_link_without_ref_still_ok" time="0.249" /></testsuite></testsuites>