<?xml version="1.0" encoding="utf-8"?><testsuites name="pytest tests"><testsuite name="pytest" errors="0" failures="0" skipped="0" tests="8" time="0.576" timestamp="2026-09-25T18:59:09.423232+00:00" hostname="agent-env-dfb20d69-1006-4288-b388-76e8bf41d30d"><testcase classname="tests.test_customer_app_iter123.TestCatalog" name="test_categories_list" time="0.008" /><testcase classname="tests.test_customer_app_iter123.TestMemberships" name="test_plans_public" time="0.008" /><testcase classname="tests.test_customer_app_iter123.TestCatalog" name="test_services_by_category" time="0.045" /><testcase classname="tests.test_customer_app_iter123.TestMemberships" name="test_me_requires_auth" time="0.004" /><testcase classname="tests.test_customer_app_iter123.TestMemberships" name="test_me_customer_shape" time="0.025" /><testcase classname="tests.test_customer_app_iter123.TestMemberships" name="test_buy_flow_mock" time="0.072" /><testcase classname="tests.test_customer_app_iter123.TestGeo" name="test_serviceability_800001" time="0.004" /><testcase classname="tests.test_customer_app_iter123.TestAdminBrandingLogo" name="test_logo_set_and_restore" time="0.069" /></testsuite></testsuites>