<?xml version="1.0" encoding="utf-8"?><testsuites name="pytest tests"><testsuite name="pytest" errors="0" failures="0" skipped="0" tests="3" time="1.704" timestamp="2026-09-25T05:56:07.876560+00:00" hostname="agent-env-b3fa5855-98ca-4ce7-a661-9cd9e4822621"><testcase classname="tests.test_merchant_qr_canonical_link_iter113" name="test_my_code_returns_ref_url" time="0.407" /><testcase classname="tests.test_merchant_qr_canonical_link_iter113" name="test_share_page_rewrites_foreign_host" time="0.504" /><testcase classname="tests.test_merchant_qr_canonical_link_iter113" name="test_poster_png_ok" time="0.254" /></testsuite></testsuites>