<?xml version="1.0" encoding="utf-8"?><testsuites name="pytest tests"><testsuite name="pytest" errors="0" failures="0" skipped="0" tests="8" time="21.811" timestamp="2026-09-20T09:01:41.153888+00:00" hostname="agent-env-efe0ed0e-e1d0-48f8-9dbe-d1a67b540ef3"><testcase classname="tests.test_chat_seen_typing_summary.TestChatsSummary" name="test_partner_summary_contains_booking" time="0.547" /><testcase classname="tests.test_chat_seen_typing_summary.TestSSEFrames" name="test_typing_message_seen_frames" time="11.033" /><testcase classname="tests.test_chat_seen_typing_summary.TestChatsSummary" name="test_customer_summary_contains_booking" time="0.376" /><testcase classname="tests.test_chat_seen_typing_summary.TestChatNotificationPayload" name="test_partner_notification_payload_shape" time="2.767" /><testcase classname="tests.test_chat_seen_typing_summary.TestChatNotificationPayload" name="test_push_suppressed_when_recipient_present" time="4.227" /><testcase classname="tests.test_chat_seen_typing_summary.TestTyping" name="test_typing_endpoint" time="0.115" /><testcase classname="tests.test_chat_seen_typing_summary.TestSSEFrames" name="test_customer_receives_booking_seen" time="8.929" /><testcase classname="tests.test_chat_seen_typing_summary.TestSeenFlow" name="test_customer_send_then_partner_seen_flow" time="1.492" /></testsuite></testsuites>