<?xml version="1.0" encoding="utf-8"?><testsuites name="pytest tests"><testsuite name="pytest" errors="0" failures="0" skipped="0" tests="6" time="2.980" timestamp="2026-09-24T18:12:30.628131+00:00" hostname="agent-env-557348f3-14b4-4ad6-a837-1a7bf2ca5b1e"><testcase classname="tests.test_merchant_qr_poster_caption_iter105.TestPosterCaption" name="test_png_without_caption_1080x1350" time="1.152" /><testcase classname="tests.test_merchant_qr_poster_caption_iter105.TestPosterCaption" name="test_png_with_caption_height_greater" time="0.284" /><testcase classname="tests.test_merchant_qr_poster_caption_iter105.TestPosterCaption" name="test_pdf_with_caption" time="0.205" /><testcase classname="tests.test_merchant_qr_poster_caption_iter105.TestPosterCaption" name="test_caption_with_only_emoji_still_ok" time="0.319" /><testcase classname="tests.test_merchant_qr_poster_caption_iter105.TestPosterCaption" name="test_caption_with_emoji_and_text" time="0.339" /><testcase classname="tests.test_merchant_qr_poster_caption_iter105.TestPosterCaption" name="test_very_long_caption_600_plus" time="0.335" /></testsuite></testsuites>