<?xml version="1.0" encoding="utf-8"?><testsuites name="pytest tests"><testsuite name="pytest" errors="0" failures="0" skipped="0" tests="4" time="1.824" timestamp="2026-09-21T03:35:33.511717+00:00" hostname="agent-env-6f912a98-cc01-412a-a714-0451cd758a2d"><testcase classname="tests.test_iter82_notif_image" name="test_test_push_with_image" time="0.885" /><testcase classname="tests.test_iter82_notif_image" name="test_test_push_without_image" time="0.124" /><testcase classname="tests.test_iter82_notif_image" name="test_send_campaign_with_image" time="0.270" /><testcase classname="tests.test_iter82_notif_image" name="test_send_campaign_without_image" time="0.172" /></testsuite></testsuites>