<?xml version="1.0" encoding="utf-8"?><testsuites name="pytest tests"><testsuite name="pytest" errors="0" failures="0" skipped="0" tests="20" time="3.951" timestamp="2026-09-16T18:01:44.437491+00:00" hostname="agent-env-fbd372a3-aa48-4fbe-b16e-79fc7fd75de9"><testcase classname="tests.test_iter58_reg_wizards.TestPartnerRegistration" name="test_01_profile_returns_incomplete" time="0.507" /><testcase classname="tests.test_iter58_reg_wizards.TestMerchantRegistration" name="test_01_profile_incomplete" time="0.667" /><testcase classname="tests.test_iter58_reg_wizards.TestPartnerRegistration" name="test_02_meta" time="0.139" /><testcase classname="tests.test_iter58_reg_wizards.TestPartnerRegistration" name="test_03_geo_states_districts_cities" time="0.407" /><testcase classname="tests.test_iter58_reg_wizards.TestMerchantRegistration" name="test_02_meta_has_categories" time="0.214" /><testcase classname="tests.test_iter58_reg_wizards.TestMerchantRegistration" name="test_03_save_basic" time="0.180" /><testcase classname="tests.test_iter58_reg_wizards.TestPartnerRegistration" name="test_04_save_basic_progresses_score" time="0.163" /><testcase classname="tests.test_iter58_reg_wizards.TestMerchantRegistration" name="test_04_save_shop" time="0.215" /><testcase classname="tests.test_iter58_reg_wizards.TestPartnerRegistration" name="test_05_save_work" time="0.166" /><testcase classname="tests.test_iter58_reg_wizards.TestMerchantRegistration" name="test_05_save_address" time="0.182" /><testcase classname="tests.test_iter58_reg_wizards.TestPartnerRegistration" name="test_06_save_documents" time="0.171" /><testcase classname="tests.test_iter58_reg_wizards.TestMerchantRegistration" name="test_06_save_shop_photo" time="0.217" /><testcase classname="tests.test_iter58_reg_wizards.TestPartnerRegistration" name="test_07_save_address_reaches_100" time="0.147" /><testcase classname="tests.test_iter58_reg_wizards.TestMerchantRegistration" name="test_07_submit" time="0.157" /><testcase classname="tests.test_iter58_reg_wizards.TestPartnerRegistration" name="test_08_upload_live_photo_multipart" time="0.206" /><testcase classname="tests.test_iter58_reg_wizards.TestApprovedDemo" name="test_partner_demo_approved" time="0.650" /><testcase classname="tests.test_iter58_reg_wizards.TestPartnerRegistration" name="test_09_upload_aadhaar_front_returns_ocr" time="1.469" /><testcase classname="tests.test_iter58_reg_wizards.TestApprovedDemo" name="test_merchant_demo_approved" time="0.557" /><testcase classname="tests.test_iter58_reg_wizards.TestServiceability" name="test_pincode_serviceability" time="0.196" /><testcase classname="tests.test_iter58_reg_wizards.TestPartnerRegistration" name="test_10_submit_registration" time="0.218" /></testsuite></testsuites>