<?xml version="1.0" encoding="utf-8"?><testsuites name="pytest tests"><testsuite name="pytest" errors="0" failures="0" skipped="0" tests="12" time="20.027" timestamp="2026-09-13T05:19:24.663470+00:00" hostname="agent-env-b55874f2-9efa-4d32-b575-106587f46575"><testcase classname="tests.test_admin_dashboard_iter44" name="test_auth_required" time="16.767" /><testcase classname="tests.test_admin_dashboard_iter44" name="test_range_30d_shape" time="0.675" /><testcase classname="tests.test_admin_dashboard_iter44" name="test_status_breakdown_sums_to_total" time="0.169" /><testcase classname="tests.test_admin_dashboard_iter44" name="test_completed_equals_completed_plus_paid" time="0.196" /><testcase classname="tests.test_admin_dashboard_iter44" name="test_combined_series_bookings_sum" time="0.189" /><testcase classname="tests.test_admin_dashboard_iter44" name="test_range_all_has_baseline_false" time="0.164" /><testcase classname="tests.test_admin_dashboard_iter44" name="test_bucket_echo" time="0.709" /><testcase classname="tests.test_admin_dashboard_iter44" name="test_custom_date_range" time="0.165" /><testcase classname="tests.test_admin_dashboard_iter44" name="test_filter_narrows_results" time="0.385" /><testcase classname="tests.test_admin_dashboard_iter44" name="test_earnings_arithmetic" time="0.193" /><testcase classname="tests.test_admin_dashboard_iter44" name="test_recent_bookings_no_object_id" time="0.188" /><testcase classname="tests.test_admin_dashboard_iter44" name="test_filters_available_keys" time="0.189" /></testsuite></testsuites>