<?xml version="1.0" encoding="utf-8"?><testsuites name="pytest tests"><testsuite name="pytest" errors="0" failures="0" skipped="0" tests="7" time="5.778" timestamp="2026-09-08T19:01:01.991554+00:00" hostname="agent-env-313bbf4c-5a3a-4729-bf94-c9951dd7fd0d"><testcase classname="tests.test_iter34_partner_phone_list.TestPartnerPhoneOnList" name="test_list_has_partner_phone_key_always_present" time="0.543" /><testcase classname="tests.test_iter33_quick_fixes.TestPartnerPhoneInBooking" name="test_customer_bookings_shape_has_partner_phone_key" time="0.540" /><testcase classname="tests.test_iter33_quick_fixes.TestPartnerPhoneInBooking" name="test_assigned_booking_has_partner_phone_value_or_detail_returns_it" time="0.187" /><testcase classname="tests.test_iter34_partner_phone_list.TestPartnerPhoneOnList" name="test_list_regression_returns_otps_for_customer" time="0.122" /><testcase classname="tests.test_iter34_partner_phone_list.TestPartnerPhoneOnList" name="test_partner_list_still_ok" time="0.437" /><testcase classname="tests.test_iter34_partner_phone_list.TestPartnerPhoneOnList" name="test_existing_assigned_booking_has_partner_phone" time="0.766" /><testcase classname="tests.test_iter34_partner_phone_list.TestDriveAssignedBooking" name="test_drive_and_verify" time="4.632" /></testsuite></testsuites>