<?xml version="1.0" encoding="utf-8"?><testsuites name="pytest tests"><testsuite name="pytest" errors="0" failures="1" skipped="0" tests="6" time="81.525" timestamp="2026-09-22T19:55:45.367084+00:00" hostname="agent-env-c25cfd32-641d-413d-b743-743578342f9d"><testcase classname="tests.test_iter96_sse_ring" name="test_partner_auth_returns_token" time="0.547" /><testcase classname="tests.test_iter96_sse_ring" name="test_sse_stream_ready_and_keepalive" time="25.216" /><testcase classname="tests.test_iter96_sse_ring" name="test_test_self_ring_immediate_emits_sse_job_request" time="25.777"><failure message="AssertionError: missing key booking_id in {'type': 'job_request', 'data': {'type': 'job_request', 'booking_id': 'test-1790106971', 'service_name': 'Test Service', 'city': 'Your City', 'address_line': 'Test address', 'total': '499', 'partner_amount': '399', 'android_channel': 'azo-job-ring-v3', 'tag': 'test-1790106971'}, 'ts': '2026-09-22T19:56:11.915291+00:00'}&#10;assert 'booking_id' in {'type': 'job_request', 'data': {'type': 'job_request', 'booking_id': 'test-1790106971', 'service_name': 'Test Service', 'city': 'Your City', ...}, 'ts': '2026-09-22T19:56:11.915291+00:00'}">backend/tests/test_iter96_sse_ring.py:184: in test_test_self_ring_immediate_emits_sse_job_request
    assert k in d, f"missing key {k} in {d}"
E   AssertionError: missing key booking_id in {'type': 'job_request', 'data': {'type': 'job_request', 'booking_id': 'test-1790106971', 'service_name': 'Test Service', 'city': 'Your City', 'address_line': 'Test address', 'total': '499', 'partner_amount': '399', 'android_channel': 'azo-job-ring-v3', 'tag': 'test-1790106971'}, 'ts': '2026-09-22T19:56:11.915291+00:00'}
E   assert 'booking_id' in {'type': 'job_request', 'data': {'type': 'job_request', 'booking_id': 'test-1790106971', 'service_name': 'Test Service', 'city': 'Your City', ...}, 'ts': '2026-09-22T19:56:11.915291+00:00'}</failure></testcase><testcase classname="tests.test_iter96_sse_ring" name="test_test_self_ring_delayed_emits_sse_after_delay" time="28.879" /><testcase classname="tests.test_iter96_sse_ring" name="test_ring_status_stamps_device_and_admin_health" time="0.906" /><testcase classname="tests.test_iter96_sse_ring" name="test_admin_health_returns_keys" time="0.141" /></testsuite></testsuites>