<?xml version="1.0" encoding="utf-8"?><testsuites name="pytest tests"><testsuite name="pytest" errors="0" failures="0" skipped="0" tests="22" time="9.270" timestamp="2026-08-26T11:33:24.134180+00:00" hostname="agent-env-b831aa68-1c6e-40f3-9d5c-e5d72ad0be15"><testcase classname="tests.test_phase5_auth_address.TestAuthConfig" name="test_config_has_address_block_and_no_secrets" time="0.148" /><testcase classname="tests.test_phase5_auth_address.TestPasswordReset" name="test_01_create_email_account" time="0.076" /><testcase classname="tests.test_phase5_auth_address.TestPasswordReset" name="test_02_forgot_password_unknown_identifier_does_not_reveal" time="0.065" /><testcase classname="tests.test_phase5_auth_address.TestPasswordReset" name="test_03_forgot_then_reset_and_login_with_new_password" time="0.428" /><testcase classname="tests.test_phase5_auth_address.TestPasswordReset" name="test_04_otp_single_use" time="0.188" /><testcase classname="tests.test_phase5_auth_address.TestServiceability" name="test_serviceability_default_serve_all" time="0.068" /><testcase classname="tests.test_phase5_auth_address.TestServiceability" name="test_serviceability_requires_pincode" time="0.048" /><testcase classname="tests.test_phase5_auth_address.TestServiceability" name="test_admin_pincode_gating_and_restore" time="1.666" /><testcase classname="tests.test_phase5_auth_address.TestServiceability" name="test_reverse_geocode_graceful" time="1.975" /><testcase classname="tests.test_phase5_auth_address.TestGuestCheckout" name="test_guest_booking_and_visibility" time="0.406" /><testcase classname="tests.test_phase5_auth_address.TestGuestCheckout" name="test_guest_booking_requires_address" time="0.134" /><testcase classname="tests.test_phase5_auth_address.TestGuestCheckout" name="test_guest_booking_invalid_service" time="0.073" /><testcase classname="tests.test_phase5_auth_address.TestAddressBook" name="test_address_crud_full_payload" time="0.885" /><testcase classname="tests.test_phase5_auth_address.TestAddressBook" name="test_update_unknown_address_404" time="0.069" /><testcase classname="tests.test_phase5_auth_address.TestAddressBook" name="test_default_unknown_address_404" time="0.067" /><testcase classname="tests.test_phase5_auth_address.TestAddressBook" name="test_addresses_require_auth" time="0.045" /><testcase classname="tests.test_phase5_auth_address.TestAddressBook" name="test_booking_with_saved_address_id" time="0.204" /><testcase classname="tests.test_phase5_auth_address.TestAccountDeletion" name="test_deletion_request_then_admin_reject_restores" time="0.908" /><testcase classname="tests.test_phase5_auth_address.TestAccountDeletion" name="test_deletion_requests_admin_only" time="0.347" /><testcase classname="tests.test_phase5_auth_address.TestAccountDeletion" name="test_delete_account_requires_auth" time="0.064" /><testcase classname="tests.test_phase5_auth_address.TestAccountDeletion" name="test_process_unknown_deletion_request_404" time="0.054" /><testcase classname="tests.test_phase5_auth_address.TestAdminAddressConfig" name="test_toggle_feature_flags_and_property_types" time="1.287" /></testsuite></testsuites>