<?xml version="1.0" encoding="utf-8"?><testsuites name="pytest tests"><testsuite name="pytest" errors="0" failures="0" skipped="0" tests="12" time="2.032" timestamp="2026-09-26T06:04:30.573917+00:00" hostname="agent-env-dfb20d69-1006-4288-b388-76e8bf41d30d"><testcase classname="tests.test_customer_checkout_flow" name="test_send_otp_customer" time="0.178" /><testcase classname="tests.test_customer_checkout_flow" name="test_verify_otp_partner_blocked" time="0.138" /><testcase classname="tests.test_customer_checkout_flow" name="test_verify_otp_new_user_create" time="0.211" /><testcase classname="tests.test_customer_checkout_flow" name="test_upsell_guest" time="0.143" /><testcase classname="tests.test_customer_checkout_flow" name="test_ratecards_search_guest" time="0.074" /><testcase classname="tests.test_customer_checkout_flow" name="test_ratecards_by_service" time="0.073" /><testcase classname="tests.test_customer_checkout_flow" name="test_cart_quote_guest" time="0.068" /><testcase classname="tests.test_customer_checkout_flow" name="test_cart_quote_auth" time="0.212" /><testcase classname="tests.test_customer_checkout_flow" name="test_validate_coupon_invalid" time="0.071" /><testcase classname="tests.test_customer_checkout_flow" name="test_wallet_get" time="0.067" /><testcase classname="tests.test_customer_checkout_flow" name="test_grouped_booking_and_mock_payment" time="0.304" /><testcase classname="tests.test_customer_checkout_flow" name="test_bookings_list" time="0.085" /></testsuite></testsuites>