<?xml version="1.0" encoding="utf-8"?><testsuites name="pytest tests"><testsuite name="pytest" errors="0" failures="0" skipped="0" tests="9" time="4.757" timestamp="2026-09-10T18:03:15.454266+00:00" hostname="agent-env-2374deb8-10da-4f03-95e9-7310b51ea9ef"><testcase classname="tests.test_iter41_money_rules.TestQuoteAndCart" name="test_quote_emergency_no_coupon" time="1.052" /><testcase classname="tests.test_iter41_money_rules.TestQuoteAndCart" name="test_quote_with_coupon_MONSOON20" time="0.200" /><testcase classname="tests.test_iter41_money_rules.TestQuoteAndCart" name="test_cart_quote_with_coupon" time="0.163" /><testcase classname="tests.test_iter41_money_rules.TestAdminSettings" name="test_commission_sums_bad" time="0.381" /><testcase classname="tests.test_iter41_money_rules.TestAdminSettings" name="test_commission_sums_good" time="0.517" /><testcase classname="tests.test_iter41_money_rules.TestAdminSettings" name="test_cancel_split_bad" time="0.310" /><testcase classname="tests.test_iter41_money_rules.TestAdminSettings" name="test_cancel_split_good" time="0.291" /><testcase classname="tests.test_iter41_money_rules.TestCancelWithPartner" name="test_cancel_flow" time="1.235" /><testcase classname="tests.test_iter41_money_rules.TestCancelNoPartner" name="test_no_partner_full_refund" time="0.557" /></testsuite></testsuites>