<?xml version="1.0" encoding="utf-8"?><testsuites name="pytest tests"><testsuite name="pytest" errors="0" failures="0" skipped="0" tests="107" time="63.258" timestamp="2026-08-26T09:08:01.950854+00:00" hostname="agent-env-5a94e7b7-c60d-444b-aeb0-2014518b6067"><testcase classname="tests.backend_test.TestHealth" name="test_root" time="0.141" /><testcase classname="tests.backend_test.TestAuth" name="test_send_and_verify_otp_all_roles[admin]" time="0.126" /><testcase classname="tests.backend_test.TestAuth" name="test_send_and_verify_otp_all_roles[merchant]" time="0.119" /><testcase classname="tests.backend_test.TestAuth" name="test_send_and_verify_otp_all_roles[partner]" time="0.122" /><testcase classname="tests.backend_test.TestAuth" name="test_send_and_verify_otp_all_roles[customer]" time="0.121" /><testcase classname="tests.backend_test.TestAuth" name="test_verify_wrong_otp_rejected" time="0.119" /><testcase classname="tests.backend_test.TestAuth" name="test_me" time="0.310" /><testcase classname="tests.backend_test.TestAuth" name="test_me_without_token" time="0.062" /><testcase classname="tests.backend_test.TestAuth" name="test_me_bad_token" time="0.123" /><testcase classname="tests.backend_test.TestAuth" name="test_role_from_db_not_client" time="0.128" /><testcase classname="tests.backend_test.TestCatalog" name="test_categories_seeded" time="0.055" /><testcase classname="tests.backend_test.TestCatalog" name="test_services" time="0.066" /><testcase classname="tests.backend_test.TestCatalog" name="test_services_filter_by_category" time="0.120" /><testcase classname="tests.backend_test.TestCatalog" name="test_service_detail" time="0.118" /><testcase classname="tests.backend_test.TestCatalog" name="test_service_detail_404" time="0.051" /><testcase classname="tests.backend_test.TestCatalog" name="test_create_category_requires_admin" time="0.061" /><testcase classname="tests.backend_test.TestQuote" name="test_quote_basic" time="0.066" /><testcase classname="tests.backend_test.TestQuote" name="test_quote_coupon_azo50_capped" time="0.117" /><testcase classname="tests.backend_test.TestQuote" name="test_quote_emergency_surcharge" time="0.116" /><testcase classname="tests.backend_test.TestQuote" name="test_quote_invalid_service" time="0.060" /><testcase classname="tests.backend_test.TestQuote" name="test_quote_invalid_coupon" time="0.068" /><testcase classname="tests.backend_test.TestDirectBookingFlow" name="test_01_create_booking" time="0.079" /><testcase classname="tests.backend_test.TestDirectBookingFlow" name="test_02_partner_sees_job" time="0.356" /><testcase classname="tests.backend_test.TestDirectBookingFlow" name="test_03_accept" time="0.141" /><testcase classname="tests.backend_test.TestDirectBookingFlow" name="test_04_otps_hidden_from_partner_visible_to_customer" time="0.130" /><testcase classname="tests.backend_test.TestDirectBookingFlow" name="test_05_wrong_start_otp_rejected" time="0.069" /><testcase classname="tests.backend_test.TestDirectBookingFlow" name="test_06_start_and_evidence" time="0.142" /><testcase classname="tests.backend_test.TestDirectBookingFlow" name="test_07_complete_and_commission_split" time="0.531" /><testcase classname="tests.backend_test.TestDirectBookingFlow" name="test_08_commission_math" time="0.140" /><testcase classname="tests.backend_test.TestDirectBookingFlow" name="test_08b_partner_wallet_credited" time="0.073" /><testcase classname="tests.backend_test.TestDirectBookingFlow" name="test_09_pay" time="0.141" /><testcase classname="tests.backend_test.TestDirectBookingFlow" name="test_10_review" time="0.079" /><testcase classname="tests.backend_test.TestDirectBookingFlow" name="test_11_list_bookings" time="0.083" /><testcase classname="tests.backend_test.TestDirectBookingFlow" name="test_12_other_customer_cannot_read_booking" time="0.297" /><testcase classname="tests.backend_test.TestMerchantBooking" name="test_01_create" time="0.287" /><testcase classname="tests.backend_test.TestMerchantBooking" name="test_02_partner_accept" time="0.141" /><testcase classname="tests.backend_test.TestMerchantBooking" name="test_03_shop_otp" time="0.280" /><testcase classname="tests.backend_test.TestMerchantBooking" name="test_04_start_and_complete" time="0.301" /><testcase classname="tests.backend_test.TestMerchantBooking" name="test_05_merchant_booking_commission_credited" time="0.108" /><testcase classname="tests.backend_test.TestMerchantReferral" name="test_dashboard_lifetime_earning" time="0.073" /><testcase classname="tests.backend_test.TestMerchantReferral" name="test_referrals_list" time="0.071" /><testcase classname="tests.backend_test.TestMerchantReferral" name="test_onboard_partner" time="0.138" /><testcase classname="tests.backend_test.TestMerchantReferral" name="test_already_referred_partner_rejected" time="0.067" /><testcase classname="tests.backend_test.TestMerchantReferral" name="test_customer_cannot_access_merchant_dashboard" time="0.061" /><testcase classname="tests.backend_test.TestMerchantReferral" name="test_customer_cannot_create_merchant_booking" time="0.077" /><testcase classname="tests.backend_test.TestWallet" name="test_get_wallet" time="0.061" /><testcase classname="tests.backend_test.TestWallet" name="test_topup_increases_balance" time="0.281" /><testcase classname="tests.backend_test.TestWallet" name="test_topup_negative_amount_rejected" time="0.073" /><testcase classname="tests.backend_test.TestWallet" name="test_partner_earnings" time="0.069" /><testcase classname="tests.backend_test.TestWallet" name="test_partner_earnings_role_guard" time="0.063" /><testcase classname="tests.backend_test.TestAdmin" name="test_dashboard" time="0.113" /><testcase classname="tests.backend_test.TestAdmin" name="test_bookings" time="0.079" /><testcase classname="tests.backend_test.TestAdmin" name="test_bookings_status_filter" time="0.109" /><testcase classname="tests.backend_test.TestAdmin" name="test_users_by_role" time="0.110" /><testcase classname="tests.backend_test.TestAdmin" name="test_kyc_approve" time="0.287" /><testcase classname="tests.backend_test.TestAdmin" name="test_settings_update_persists" time="0.356" /><testcase classname="tests.backend_test.TestAdmin" name="test_coupons_crud" time="0.167" /><testcase classname="tests.backend_test.TestAdmin" name="test_ledger" time="0.106" /><testcase classname="tests.backend_test.TestAdmin" name="test_admin_routes_reject_partner[/admin/dashboard]" time="0.070" /><testcase classname="tests.backend_test.TestAdmin" name="test_admin_routes_reject_partner[/admin/settings]" time="0.069" /><testcase classname="tests.backend_test.TestAdmin" name="test_admin_routes_reject_partner[/admin/users]" time="0.071" /><testcase classname="tests.backend_test.TestAdmin" name="test_admin_routes_reject_partner[/admin/bookings]" time="0.073" /><testcase classname="tests.backend_test.TestAdmin" name="test_admin_routes_reject_partner[/admin/coupons]" time="0.070" /><testcase classname="tests.backend_test.TestAdmin" name="test_admin_routes_reject_partner[/admin/ledger]" time="0.069" /><testcase classname="tests.backend_test.TestAdmin" name="test_admin_routes_reject_anon" time="0.053" /><testcase classname="tests.backend_test.TestAI" name="test_customer_chat" time="5.271" /><testcase classname="tests.backend_test.TestAI" name="test_admin_chat_insights" time="11.184" /><testcase classname="tests.backend_test.TestAI" name="test_chat_requires_auth" time="0.103" /><testcase classname="tests.backend_test.TestBookingOwnership" name="test_00_setup" time="0.152" /><testcase classname="tests.backend_test.TestBookingOwnership" name="test_01_foreign_customer_cannot_read_otps" time="0.379" /><testcase classname="tests.backend_test.TestBookingOwnership" name="test_02_foreign_partner_cannot_start_job" time="0.307" /><testcase classname="tests.backend_test.TestBookingOwnership" name="test_03_foreign_partner_cannot_complete_and_take_money" time="0.272" /><testcase classname="tests.backend_test.TestBookingOwnership" name="test_04_foreign_customer_cannot_pay" time="0.307" /><testcase classname="tests.backend_test.TestBookingOwnership" name="test_05_foreign_customer_cannot_review" time="0.491" /><testcase classname="tests.backend_test.TestBookingOwnership" name="test_06_shop_otp_not_allowed_on_direct_booking" time="0.071" /><testcase classname="tests.backend_test.TestBookingOwnership" name="test_07_double_accept_rejected" time="0.069" /><testcase classname="tests.backend_test.TestBookingOwnership" name="test_08_pay_before_completion_rejected" time="0.061" /><testcase classname="tests.backend_test.TestBookingOwnership" name="test_09_ineligible_partner_cannot_accept_out_of_skill_job" time="0.541" /><testcase classname="tests.backend_test.TestReviewAggregation" name="test_partner_rating_within_bounds" time="0.111" /><testcase classname="tests.backend_test.TestAIPayloadContract" name="test_explicit_null_session_id" time="3.555" /><testcase classname="tests.backend_test.TestSelfSignupPrivilege" name="test_random_phone_cannot_self_register_as_admin" time="0.371" /><testcase classname="tests.backend_test.TestSelfSignupPrivilege" name="test_random_phone_cannot_self_register_as_approved_partner" time="0.296" /><testcase classname="tests.backend_test.TestSelfSignupPrivilege" name="test_otp_cannot_be_reused" time="0.234" /><testcase classname="tests.test_singlelogin_demo.TestSingleLogin" name="test_seeded_phone_maps_to_role[admin-+919000000000]" time="0.159" /><testcase classname="tests.test_singlelogin_demo.TestSingleLogin" name="test_seeded_phone_maps_to_role[merchant-+919000000002]" time="0.157" /><testcase classname="tests.test_singlelogin_demo.TestSingleLogin" name="test_seeded_phone_maps_to_role[partner-+919000000003]" time="0.156" /><testcase classname="tests.test_singlelogin_demo.TestSingleLogin" name="test_seeded_phone_maps_to_role[customer-+919000000004]" time="0.177" /><testcase classname="tests.test_singlelogin_demo.TestSingleLogin" name="test_new_phone_becomes_customer_only" time="0.180" /><testcase classname="tests.test_singlelogin_demo.TestSingleLogin" name="test_client_supplied_role_is_ignored" time="0.361" /><testcase classname="tests.test_singlelogin_demo.TestDemoMode" name="test_01_demo_status_on" time="0.106" /><testcase classname="tests.test_singlelogin_demo.TestDemoMode" name="test_02_demo_fixed_otp_login_works" time="0.362" /><testcase classname="tests.test_singlelogin_demo.TestDemoMode" name="test_03_toggle_off_blocks_demo_login_then_restore" time="0.422" /><testcase classname="tests.test_singlelogin_demo.TestDemoMode" name="test_04_demo_login_restored" time="0.102" /><testcase classname="tests.test_singlelogin_demo.TestAIChatV2" name="test_first_turn_no_session_id" time="5.100" /><testcase classname="tests.test_singlelogin_demo.TestAIChatV2" name="test_second_turn_with_session_id" time="7.983" /><testcase classname="tests.test_singlelogin_demo.TestAIChatV2" name="test_admin_chat" time="10.347" /><testcase classname="tests.test_singlelogin_demo.TestSecurityRegressionV2" name="test_00_setup_assigned_booking" time="0.212" /><testcase classname="tests.test_singlelogin_demo.TestSecurityRegressionV2" name="test_01_foreign_user_403_on_get" time="0.370" /><testcase classname="tests.test_singlelogin_demo.TestSecurityRegressionV2" name="test_02_otp_whitelist_by_role" time="0.192" /><testcase classname="tests.test_singlelogin_demo.TestSecurityRegressionV2" name="test_03_foreign_partner_403_on_money_endpoints" time="1.799" /><testcase classname="tests.test_singlelogin_demo.TestSecurityRegressionV2" name="test_04_pay_requires_completed_status" time="0.115" /><testcase classname="tests.test_singlelogin_demo.TestSecurityRegressionV2" name="test_05_review_requires_completed" time="0.061" /><testcase classname="tests.test_singlelogin_demo.TestSecurityRegressionV2" name="test_06_complete_flow_then_pay_idempotent_and_review_once" time="0.904" /><testcase classname="tests.test_singlelogin_demo.TestSecurityRegressionV2" name="test_07_partner_rating_bounded" time="0.115" /><testcase classname="tests.test_singlelogin_demo.TestSecurityRegressionV2" name="test_08_atomic_accept" time="1.048" /><testcase classname="tests.test_singlelogin_demo.TestSecurityRegressionV2" name="test_09_wallet_topup_bounds" time="0.138" /><testcase classname="tests.test_singlelogin_demo.TestSecurityRegressionV2" name="test_10_role_guards" time="0.264" /></testsuite></testsuites>