<?xml version="1.0" encoding="utf-8"?><testsuites name="pytest tests"><testsuite name="pytest" errors="0" failures="0" skipped="0" tests="5" time="1.803" timestamp="2026-09-24T18:29:19.749878+00:00" hostname="agent-env-557348f3-14b4-4ad6-a837-1a7bf2ca5b1e"><testcase classname="tests.test_merchant_qr_share_page_iter106.TestSharePage" name="test_whatsapp_channel_valid_code" time="0.438" /><testcase classname="tests.test_merchant_qr_share_page_iter106.TestSharePage" name="test_system_channel_button_text" time="0.276" /><testcase classname="tests.test_merchant_qr_share_page_iter106.TestSharePage" name="test_invalid_code_404" time="0.176" /><testcase classname="tests.test_merchant_qr_share_page_iter106.TestSharePage" name="test_caption_with_script_is_safely_encoded" time="0.258" /><testcase classname="tests.test_merchant_qr_share_page_iter106.TestSharePage" name="test_link_without_ref_still_ok" time="0.267" /></testsuite></testsuites>