<?xml version="1.0" encoding="utf-8"?><testsuites name="pytest tests"><testsuite name="pytest" errors="0" failures="0" skipped="0" tests="10" time="1.041" timestamp="2026-09-25T19:19:35.007874+00:00" hostname="agent-env-dfb20d69-1006-4288-b388-76e8bf41d30d"><testcase classname="tests.test_booking_flow_iter124" name="test_home_contains_cs_demo" time="0.022" /><testcase classname="tests.test_booking_flow_iter124" name="test_hero_slider_config_present" time="0.005" /><testcase classname="tests.test_booking_flow_iter124" name="test_promotions_has_azo50" time="0.004" /><testcase classname="tests.test_booking_flow_iter124" name="test_cart_quote_door_repair" time="0.012" /><testcase classname="tests.test_booking_flow_iter124" name="test_validate_coupon_azo50" time="0.037" /><testcase classname="tests.test_booking_flow_iter124" name="test_validate_coupon_invalid" time="0.009" /><testcase classname="tests.test_booking_flow_iter124" name="test_slot_availability_tomorrow" time="0.005" /><testcase classname="tests.test_booking_flow_iter124" name="test_wallet_balance_customer" time="0.005" /><testcase classname="tests.test_booking_flow_iter124" name="test_custom_sections_add_category_and_banner" time="0.858" /><testcase classname="tests.test_booking_flow_iter124" name="test_full_booking_flow_online_pay" time="0.058" /></testsuite></testsuites>