<?xml version="1.0" encoding="utf-8"?><testsuites name="pytest tests"><testsuite name="pytest" errors="0" failures="0" skipped="0" tests="6" time="3.228" timestamp="2026-09-26T04:43:11.313912+00:00" hostname="agent-env-dfb20d69-1006-4288-b388-76e8bf41d30d"><testcase classname="tests.test_wallet_invoices" name="test_scratch_cards_list" time="1.051" /><testcase classname="tests.test_wallet_invoices" name="test_wallet_get" time="0.090" /><testcase classname="tests.test_wallet_invoices" name="test_wallet_topup_flow" time="1.298" /><testcase classname="tests.test_wallet_invoices" name="test_invoices_list_default" time="0.074" /><testcase classname="tests.test_wallet_invoices" name="test_invoices_sort_amount_high" time="0.069" /><testcase classname="tests.test_wallet_invoices" name="test_invoice_detail_and_share" time="0.227" /></testsuite></testsuites>