<?xml version="1.0" encoding="utf-8"?><testsuites name="pytest tests"><testsuite name="pytest" errors="0" failures="1" skipped="0" tests="24" time="31.618" timestamp="2026-08-26T09:07:08.672867+00:00" hostname="agent-env-5a94e7b7-c60d-444b-aeb0-2014518b6067"><testcase classname="tests.test_singlelogin_demo.TestSingleLogin" name="test_seeded_phone_maps_to_role[admin-+919000000000]" time="0.259" /><testcase classname="tests.test_singlelogin_demo.TestSingleLogin" name="test_seeded_phone_maps_to_role[merchant-+919000000002]" time="0.131" /><testcase classname="tests.test_singlelogin_demo.TestSingleLogin" name="test_seeded_phone_maps_to_role[partner-+919000000003]" time="0.128" /><testcase classname="tests.test_singlelogin_demo.TestSingleLogin" name="test_seeded_phone_maps_to_role[customer-+919000000004]" time="0.129" /><testcase classname="tests.test_singlelogin_demo.TestSingleLogin" name="test_new_phone_becomes_customer_only" time="0.129" /><testcase classname="tests.test_singlelogin_demo.TestSingleLogin" name="test_client_supplied_role_is_ignored" time="0.293" /><testcase classname="tests.test_singlelogin_demo.TestDemoMode" name="test_01_demo_status_on" time="0.063" /><testcase classname="tests.test_singlelogin_demo.TestDemoMode" name="test_02_demo_fixed_otp_login_works" time="0.258" /><testcase classname="tests.test_singlelogin_demo.TestDemoMode" name="test_03_toggle_off_blocks_demo_login_then_restore" time="0.706" /><testcase classname="tests.test_singlelogin_demo.TestDemoMode" name="test_04_demo_login_restored" time="0.083" /><testcase classname="tests.test_singlelogin_demo.TestAIChatV2" name="test_first_turn_no_session_id" time="5.446" /><testcase classname="tests.test_singlelogin_demo.TestAIChatV2" name="test_second_turn_with_session_id" time="8.610" /><testcase classname="tests.test_singlelogin_demo.TestAIChatV2" name="test_admin_chat" time="9.169" /><testcase classname="tests.test_singlelogin_demo.TestSecurityRegressionV2" name="test_00_setup_assigned_booking" time="0.616" /><testcase classname="tests.test_singlelogin_demo.TestSecurityRegressionV2" name="test_01_foreign_user_403_on_get" time="0.586" /><testcase classname="tests.test_singlelogin_demo.TestSecurityRegressionV2" name="test_02_otp_whitelist_by_role" time="1.778" /><testcase classname="tests.test_singlelogin_demo.TestSecurityRegressionV2" name="test_03_foreign_partner_403_on_money_endpoints" time="0.621" /><testcase classname="tests.test_singlelogin_demo.TestSecurityRegressionV2" name="test_04_pay_requires_completed_status" time="0.070" /><testcase classname="tests.test_singlelogin_demo.TestSecurityRegressionV2" name="test_05_review_requires_completed" time="0.073" /><testcase classname="tests.test_singlelogin_demo.TestSecurityRegressionV2" name="test_06_complete_flow_then_pay_idempotent_and_review_once" time="1.056" /><testcase classname="tests.test_singlelogin_demo.TestSecurityRegressionV2" name="test_07_partner_rating_bounded" time="0.079" /><testcase classname="tests.test_singlelogin_demo.TestSecurityRegressionV2" name="test_08_atomic_accept" time="0.822"><failure message="AssertionError: non-atomic accept: [200, 403]&#10;assert [200, 403] == [200, 400]&#10;  &#10;  At index 1 diff: 403 != 400&#10;  &#10;  Full diff:&#10;    [&#10;        200,&#10;  -     400,...&#10;  &#10;  ...Full output truncated (4 lines hidden), use '-vv' to show">tests/test_singlelogin_demo.py:208: in test_08_atomic_accept
    assert codes == [200, 400], f"non-atomic accept: {codes}"
E   AssertionError: non-atomic accept: [200, 403]
E   assert [200, 403] == [200, 400]
E     
E     At index 1 diff: 403 != 400
E     
E     Full diff:
E       [
E           200,
E     -     400,...
E     
E     ...Full output truncated (4 lines hidden), use '-vv' to show</failure></testcase><testcase classname="tests.test_singlelogin_demo.TestSecurityRegressionV2" name="test_09_wallet_topup_bounds" time="0.143" /><testcase classname="tests.test_singlelogin_demo.TestSecurityRegressionV2" name="test_10_role_guards" time="0.291" /></testsuite></testsuites>