<?xml version="1.0" encoding="utf-8"?><testsuites name="pytest tests"><testsuite name="pytest" errors="0" failures="0" skipped="0" tests="3" time="1.401" timestamp="2026-09-24T18:29:41.293017+00:00" hostname="agent-env-557348f3-14b4-4ad6-a837-1a7bf2ca5b1e"><testcase classname="tests.test_merchant_qr_share_page_iter107.TestSharePageXSSFix" name="test_script_breakout_payload_is_unicode_escaped" time="0.590" /><testcase classname="tests.test_merchant_qr_share_page_iter107.TestSharePageXSSFix" name="test_regression_normal_caption_with_emoji_and_link" time="0.275" /><testcase classname="tests.test_merchant_qr_share_page_iter107.TestSharePageXSSFix" name="test_invalid_code_still_404" time="0.165" /></testsuite></testsuites>