<?xml version="1.0" encoding="utf-8"?><testsuites name="pytest tests"><testsuite name="pytest" errors="0" failures="0" skipped="0" tests="3" time="32.092" timestamp="2026-09-08T11:35:31.627041+00:00" hostname="agent-env-313bbf4c-5a3a-4729-bf94-c9951dd7fd0d"><testcase classname="tests.test_engine_direct" name="test_pricing_engine_excludes_visiting_from_tax" time="0.180" /><testcase classname="tests.test_visiting_charge_tax" name="test_quote_excludes_visiting_from_tax" time="31.694" /><testcase classname="tests.test_visiting_charge_tax" name="test_math_scenario_1000_100_18" time="0.001" /></testsuite></testsuites>