<?xml version="1.0" encoding="utf-8"?><testsuites name="pytest tests"><testsuite name="pytest" errors="0" failures="0" skipped="0" tests="8" time="2.372" timestamp="2026-09-24T19:00:52.937681+00:00" hostname="agent-env-756fe6c8-b693-4ecc-9106-a590d19672be"><testcase classname="tests.test_merchant_wallet_iter108" name="test_panel_access_approved" time="0.573" /><testcase classname="tests.test_merchant_wallet_iter108" name="test_wallet_overview_shape" time="0.093" /><testcase classname="tests.test_merchant_wallet_iter108" name="test_transactions_pagination_and_filters" time="0.319" /><testcase classname="tests.test_merchant_wallet_iter108" name="test_transactions_search_q" time="0.078" /><testcase classname="tests.test_merchant_wallet_iter108" name="test_withdrawals_list" time="0.079" /><testcase classname="tests.test_merchant_wallet_iter108" name="test_withdraw_create_and_reflects_in_overview" time="0.355" /><testcase classname="tests.test_merchant_wallet_iter108" name="test_withdraw_below_min_rejected" time="0.158" /><testcase classname="tests.test_merchant_wallet_iter108" name="test_withdraw_above_withdrawable_rejected" time="0.162" /></testsuite></testsuites>