<?xml version="1.0" encoding="utf-8"?><testsuites name="pytest tests"><testsuite name="pytest" errors="0" failures="0" skipped="0" tests="5" time="1.938" timestamp="2026-09-24T20:43:48.285509+00:00" hostname="agent-env-c509f33d-7b4a-494b-b4c2-868b1a54505d"><testcase classname="tests.test_absolute_media_urls_iter110.TestMerchantKycUpload" name="test_merchant_kyc_upload_absolute_and_serves" time="0.740" /><testcase classname="tests.test_absolute_media_urls_iter110.TestMerchantPosterLogo" name="test_merchant_poster_logo_absolute_and_serves" time="0.728" /><testcase classname="tests.test_absolute_media_urls_iter110.TestSupportUpload" name="test_support_upload_absolute_and_serves" time="0.426" /><testcase classname="tests.test_absolute_media_urls_iter110.TestPartnerKycUpload" name="test_partner_kyc_upload_absolute_and_serves" time="0.650" /><testcase classname="tests.test_absolute_media_urls_iter110.TestProfilePhotoDataUrl" name="test_profile_photo_preserves_data_url" time="0.260" /></testsuite></testsuites>