<?xml version="1.0" encoding="utf-8"?><testsuites name="pytest tests"><testsuite name="pytest" errors="0" failures="0" skipped="0" tests="20" time="4.522" timestamp="2026-09-05T05:25:52.618670+00:00" hostname="agent-env-ff40de72-ae41-4fb2-99ea-41975b771a96"><testcase classname="tests.test_push_diag_alertsound.TestNotificationHealth" name="test_health_shape" time="1.072" /><testcase classname="tests.test_push_diag_alertsound.TestNotificationHealth" name="test_health_expected_blocked_state" time="0.302" /><testcase classname="tests.test_push_diag_alertsound.TestNotificationHealth" name="test_partners_without_device_shape" time="0.167" /><testcase classname="tests.test_push_diag_alertsound.TestNotificationHealth" name="test_health_requires_admin" time="0.233" /><testcase classname="tests.test_push_diag_alertsound.TestPushStatus" name="test_report_status_and_appears_in_health" time="0.439" /><testcase classname="tests.test_push_diag_alertsound.TestPushStatus" name="test_my_devices_empty" time="0.045" /><testcase classname="tests.test_push_diag_alertsound.TestPushStatus" name="test_push_status_requires_auth" time="0.090" /><testcase classname="tests.test_push_diag_alertsound.TestDeviceRegistration" name="test_register_and_cleanup" time="0.723" /><testcase classname="tests.test_push_diag_alertsound.TestDeviceRegistration" name="test_no_token_rejected" time="0.042" /><testcase classname="tests.test_push_diag_alertsound.TestAdminTestPush" name="test_test_push_no_devices" time="0.332" /><testcase classname="tests.test_push_diag_alertsound.TestAlertConfig" name="test_admin_alert_config_flows_to_partner" time="0.143" /><testcase classname="tests.test_push_diag_alertsound.TestAlertConfig" name="test_partner_cannot_override_tone" time="0.093" /><testcase classname="tests.test_push_diag_alertsound.TestAlertConfig" name="test_restore_defaults" time="0.145" /><testcase classname="tests.test_push_diag_alertsound.TestAudioUpload" name="test_upload_wav" time="0.216" /><testcase classname="tests.test_push_diag_alertsound.TestAudioUpload" name="test_reject_non_audio" time="0.094" /><testcase classname="tests.test_push_diag_alertsound.TestAudioUpload" name="test_requires_admin" time="0.102" /><testcase classname="tests.test_push_diag_alertsound.TestRegressions" name="test_push_config_public" time="0.045" /><testcase classname="tests.test_push_diag_alertsound.TestRegressions" name="test_realtime_config" time="0.041" /><testcase classname="tests.test_push_diag_alertsound.TestRegressions" name="test_ring_pending" time="0.050" /><testcase classname="tests.test_push_diag_alertsound.TestRegressions" name="test_dispatch_feed" time="0.126" /></testsuite></testsuites>