<?xml version="1.0" encoding="utf-8"?><testsuites name="pytest tests"><testsuite name="pytest" errors="0" failures="0" skipped="0" tests="9" time="7.126" timestamp="2026-09-05T07:15:51.314556+00:00" hostname="agent-env-ff40de72-ae41-4fb2-99ea-41975b771a96"><testcase classname="tests.test_admin_ring_again.TestRingRegressions" name="test_test_ring_still_works" time="0.442" /><testcase classname="tests.test_admin_ring_again.TestRingRegressions" name="test_dispatch_timeline_has_admin_ring_lane" time="0.041" /><testcase classname="tests.test_admin_ring_again.TestAdminRingPartner" name="test_ring_partner_success" time="1.668" /><testcase classname="tests.test_admin_ring_again.TestAdminRingPartner" name="test_partner_ring_pending_has_real_job" time="0.302" /><testcase classname="tests.test_admin_ring_again.TestAdminRingPartner" name="test_ring_non_searching_booking_400" time="0.105" /><testcase classname="tests.test_admin_ring_again.TestAdminRingPartner" name="test_unknown_partner_404" time="0.048" /><testcase classname="tests.test_admin_ring_again.TestAdminRingPartner" name="test_unknown_booking_404" time="0.047" /><testcase classname="tests.test_admin_ring_again.TestAdminRingPartner" name="test_non_admin_forbidden" time="0.372" /><testcase classname="tests.test_admin_ring_again.TestAdminRingPartner" name="test_z_sse" time="4.249" /></testsuite></testsuites>