<?xml version="1.0" encoding="utf-8"?><testsuites name="pytest tests"><testsuite name="pytest" errors="0" failures="0" skipped="0" tests="13" time="5.064" timestamp="2026-09-05T05:49:02.658308+00:00" hostname="agent-env-ff40de72-ae41-4fb2-99ea-41975b771a96"><testcase classname="tests.test_timeline_testring.TestDispatchTimeline" name="test_timeline_shape" time="0.409" /><testcase classname="tests.test_timeline_testring.TestDispatchTimeline" name="test_timeline_bogus_id_404" time="0.046" /><testcase classname="tests.test_timeline_testring.TestDispatchTimeline" name="test_timeline_requires_admin" time="0.340" /><testcase classname="tests.test_timeline_testring.TestPartnerTestRing" name="test_partner_test_ring" time="0.091" /><testcase classname="tests.test_timeline_testring.TestPartnerTestRing" name="test_customer_forbidden" time="0.311" /><testcase classname="tests.test_timeline_testring.TestAdminTestRing" name="test_admin_test_ring" time="0.049" /><testcase classname="tests.test_timeline_testring.TestAdminTestRing" name="test_unknown_partner_404" time="0.046" /><testcase classname="tests.test_timeline_testring.TestAdminTestRing" name="test_partner_token_forbidden" time="0.044" /><testcase classname="tests.test_timeline_testring.TestSSEDelivery" name="test_test_ring_arrives_on_stream" time="3.098" /><testcase classname="tests.test_timeline_testring.TestRegressions" name="test_notifications_health" time="0.203" /><testcase classname="tests.test_timeline_testring.TestRegressions" name="test_dispatch_feed" time="0.051" /><testcase classname="tests.test_timeline_testring.TestRegressions" name="test_partner_alert_prefs" time="0.060" /><testcase classname="tests.test_timeline_testring.TestRegressions" name="test_booking_without_dispatch" time="0.298" /></testsuite></testsuites>