<?xml version="1.0" encoding="utf-8"?><testsuites name="pytest tests"><testsuite name="pytest" errors="0" failures="1" skipped="0" tests="6" time="2.383" timestamp="2026-09-19T18:08:55.788975+00:00" hostname="agent-env-ed1f8d68-19a3-4f41-8aa5-cb85aaad341d"><testcase classname="tests.test_iter69_job_ring.TestPartnerJobsEndpoints" name="test_auth_config_expiry" time="0.203" /><testcase classname="tests.test_iter69_job_ring.TestBookingCreateAndRing" name="test_customer_can_list_services" time="0.751"><failure message="AssertionError: {&quot;detail&quot;:&quot;Not Found&quot;}&#10;assert 404 in (200, 401)&#10; +  where 404 = &lt;Response [404]&gt;.status_code">backend/tests/test_iter69_job_ring.py:79: in test_customer_can_list_services
    assert r.status_code in (200, 401), r.text
E   AssertionError: {"detail":"Not Found"}
E   assert 404 in (200, 401)
E    +  where 404 = &lt;Response [404]&gt;.status_code</failure></testcase><testcase classname="tests.test_iter69_job_ring.TestPartnerJobsEndpoints" name="test_partner_jobs_list" time="0.620" /><testcase classname="tests.test_iter69_job_ring.TestPartnerJobsEndpoints" name="test_partner_ring_pending" time="0.181" /><testcase classname="tests.test_iter69_job_ring.TestPartnerJobsEndpoints" name="test_partner_online_status_toggle" time="0.155" /><testcase classname="tests.test_iter69_job_ring.TestPartnerJobsEndpoints" name="test_partner_test_ring" time="0.257" /></testsuite></testsuites>