<?xml version="1.0" encoding="utf-8"?><testsuites name="pytest tests"><testsuite name="pytest" errors="0" failures="0" skipped="0" tests="6" time="4.405" timestamp="2026-09-08T17:23:04.425047+00:00" hostname="agent-env-313bbf4c-5a3a-4729-bf94-c9951dd7fd0d"><testcase classname="tests.test_payment_return_iter30.TestActiveGatewayCashfree" name="test_admin_reports_cashfree_active" time="1.028" /><testcase classname="tests.test_payment_return_iter30.TestOrderLinksToBooking" name="test_create_order_stores_pay_order_id" time="2.218" /><testcase classname="tests.test_payment_return_iter30.TestConfirmReturn" name="test_confirm_return_unknown_order_id_404" time="0.164" /><testcase classname="tests.test_payment_return_iter30.TestConfirmReturn" name="test_confirm_return_missing_order_id_400" time="0.092" /><testcase classname="tests.test_payment_return_iter30.TestConfirmReturn" name="test_confirm_return_real_order_stays_pending" time="0.630" /><testcase classname="tests.test_payment_return_iter30.TestBookingsListSanity" name="test_pending_booking_visible" time="0.255" /></testsuite></testsuites>