<?xml version="1.0" encoding="utf-8"?><testsuites name="pytest tests"><testsuite name="pytest" errors="0" failures="0" skipped="0" tests="8" time="2.075" timestamp="2026-09-19T18:34:45.341030+00:00" hostname="agent-env-ed1f8d68-19a3-4f41-8aa5-cb85aaad341d"><testcase classname="tests.test_iter70_mobile_auth" name="test_email_unknown_no_autocreate" time="0.360" /><testcase classname="tests.test_iter70_mobile_auth" name="test_email_partner_login_ok" time="0.101" /><testcase classname="tests.test_iter70_mobile_auth" name="test_verify_otp_unknown_new_user_flag" time="0.203" /><testcase classname="tests.test_iter70_mobile_auth" name="test_verify_otp_create_partner" time="0.131" /><testcase classname="tests.test_iter70_mobile_auth" name="test_reregister_as_merchant_rejected" time="0.129" /><testcase classname="tests.test_iter70_mobile_auth" name="test_customer_role_mismatch" time="0.135" /><testcase classname="tests.test_iter70_mobile_auth" name="test_forgot_reset_flow" time="0.314" /><testcase classname="tests.test_iter70_mobile_auth" name="test_auth_me_valid_and_invalid" time="0.133" /></testsuite></testsuites>