<?xml version="1.0" encoding="utf-8"?><testsuites name="pytest tests"><testsuite name="pytest" errors="0" failures="0" skipped="0" tests="10" time="3.326" timestamp="2026-09-22T17:08:49.020182+00:00" hostname="agent-env-a256a28f-d328-4f9c-a42a-064da9d19c11"><testcase classname="tests.test_ring_pipeline_iter93" name="test_push_config_public" time="0.009" /><testcase classname="tests.test_ring_pipeline_iter93" name="test_partner_login_returns_token" time="0.098" /><testcase classname="tests.test_ring_pipeline_iter93" name="test_register_device" time="0.061" /><testcase classname="tests.test_ring_pipeline_iter93" name="test_push_status" time="0.060" /><testcase classname="tests.test_ring_pipeline_iter93" name="test_ring_status" time="0.046" /><testcase classname="tests.test_ring_pipeline_iter93" name="test_ring_pending" time="0.044" /><testcase classname="tests.test_ring_pipeline_iter93" name="test_reminder_pending" time="0.046" /><testcase classname="tests.test_ring_pipeline_iter93" name="test_test_ring_dispatch_no_500" time="0.229" /><testcase classname="tests.test_ring_pipeline_iter93" name="test_invoice_pdf" time="1.917" /><testcase classname="tests.test_ring_pipeline_iter93" name="test_invoice_email_not_500" time="0.049" /></testsuite></testsuites>