<?xml version="1.0" encoding="utf-8"?><testsuites name="pytest tests"><testsuite name="pytest" errors="0" failures="3" skipped="0" tests="83" time="23.346" timestamp="2026-08-26T09:06:16.754518+00:00" hostname="agent-env-5a94e7b7-c60d-444b-aeb0-2014518b6067"><testcase classname="tests.backend_test.TestAdmin" name="test_dashboard" time="0.364" /><testcase classname="tests.backend_test.TestAdmin" name="test_bookings" time="0.064" /><testcase classname="tests.backend_test.TestAdmin" name="test_bookings_status_filter" time="0.046" /><testcase classname="tests.backend_test.TestAdmin" name="test_users_by_role" time="0.059" /><testcase classname="tests.backend_test.TestDirectBookingFlow" name="test_01_create_booking" time="0.585" /><testcase classname="tests.backend_test.TestAdmin" name="test_kyc_approve" time="0.136" /><testcase classname="tests.backend_test.TestAdmin" name="test_settings_update_persists" time="0.307" /><testcase classname="tests.backend_test.TestDirectBookingFlow" name="test_02_partner_sees_job" time="0.467" /><testcase classname="tests.backend_test.TestAdmin" name="test_coupons_crud" time="0.092" /><testcase classname="tests.backend_test.TestDirectBookingFlow" name="test_03_accept" time="0.163" /><testcase classname="tests.backend_test.TestAdmin" name="test_ledger" time="0.043" /><testcase classname="tests.backend_test.TestDirectBookingFlow" name="test_04_otps_hidden_from_partner_visible_to_customer" time="0.133" /><testcase classname="tests.backend_test.TestDirectBookingFlow" name="test_05_wrong_start_otp_rejected" time="0.080" /><testcase classname="tests.backend_test.TestAdmin" name="test_admin_routes_reject_partner[/admin/dashboard]" time="0.451" /><testcase classname="tests.backend_test.TestDirectBookingFlow" name="test_06_start_and_evidence" time="0.158" /><testcase classname="tests.backend_test.TestAdmin" name="test_admin_routes_reject_partner[/admin/settings]" time="0.065" /><testcase classname="tests.backend_test.TestAdmin" name="test_admin_routes_reject_partner[/admin/users]" time="0.077" /><testcase classname="tests.backend_test.TestAdmin" name="test_admin_routes_reject_partner[/admin/bookings]" time="0.105" /><testcase classname="tests.backend_test.TestAdmin" name="test_admin_routes_reject_partner[/admin/coupons]" time="0.069" /><testcase classname="tests.backend_test.TestDirectBookingFlow" name="test_07_complete_and_commission_split" time="0.461" /><testcase classname="tests.backend_test.TestAdmin" name="test_admin_routes_reject_partner[/admin/ledger]" time="0.066" /><testcase classname="tests.backend_test.TestAdmin" name="test_admin_routes_reject_anon" time="0.156" /><testcase classname="tests.backend_test.TestDirectBookingFlow" name="test_08_commission_math" time="0.151" /><testcase classname="tests.backend_test.TestDirectBookingFlow" name="test_08b_partner_wallet_credited" time="0.080" /><testcase classname="tests.backend_test.TestDirectBookingFlow" name="test_09_pay" time="0.101" /><testcase classname="tests.backend_test.TestBookingOwnership" name="test_00_setup" time="0.451" /><testcase classname="tests.backend_test.TestDirectBookingFlow" name="test_10_review" time="0.047" /><testcase classname="tests.backend_test.TestDirectBookingFlow" name="test_11_list_bookings" time="0.047" /><testcase classname="tests.backend_test.TestDirectBookingFlow" name="test_12_other_customer_cannot_read_booking" time="0.335" /><testcase classname="tests.backend_test.TestBookingOwnership" name="test_01_foreign_customer_cannot_read_otps" time="0.242" /><testcase classname="tests.backend_test.TestBookingOwnership" name="test_02_foreign_partner_cannot_start_job" time="0.481" /><testcase classname="tests.backend_test.TestAuth" name="test_send_and_verify_otp_all_roles[admin]" time="0.089" /><testcase classname="tests.backend_test.TestAuth" name="test_send_and_verify_otp_all_roles[merchant]" time="0.087" /><testcase classname="tests.backend_test.TestAuth" name="test_send_and_verify_otp_all_roles[partner]" time="0.088" /><testcase classname="tests.backend_test.TestAuth" name="test_send_and_verify_otp_all_roles[customer]" time="0.130" /><testcase classname="tests.backend_test.TestAuth" name="test_verify_wrong_otp_rejected" time="0.126" /><testcase classname="tests.backend_test.TestBookingOwnership" name="test_03_foreign_partner_cannot_complete_and_take_money" time="0.311" /><testcase classname="tests.backend_test.TestAuth" name="test_me" time="0.050" /><testcase classname="tests.backend_test.TestAuth" name="test_me_without_token" time="0.043" /><testcase classname="tests.backend_test.TestAuth" name="test_me_bad_token" time="0.120" /><testcase classname="tests.backend_test.TestAuth" name="test_role_from_db_not_client" time="0.134" /><testcase classname="tests.backend_test.TestBookingOwnership" name="test_04_foreign_customer_cannot_pay" time="0.379" /><testcase classname="tests.backend_test.TestCatalog" name="test_categories_seeded" time="0.043" /><testcase classname="tests.backend_test.TestCatalog" name="test_services" time="0.044" /><testcase classname="tests.backend_test.TestCatalog" name="test_services_filter_by_category" time="0.087" /><testcase classname="tests.backend_test.TestCatalog" name="test_service_detail" time="0.044" /><testcase classname="tests.backend_test.TestCatalog" name="test_service_detail_404" time="0.044" /><testcase classname="tests.backend_test.TestCatalog" name="test_create_category_requires_admin" time="0.048" /><testcase classname="tests.backend_test.TestBookingOwnership" name="test_05_foreign_customer_cannot_review" time="0.357" /><testcase classname="tests.backend_test.TestMerchantReferral" name="test_dashboard_lifetime_earning" time="0.338" /><testcase classname="tests.backend_test.TestBookingOwnership" name="test_06_shop_otp_not_allowed_on_direct_booking" time="0.000"><failure message="KeyError: 'shop'">tests/backend_test.py:554: in test_06_shop_otp_not_allowed_on_direct_booking
    json={"otp": TestBookingOwnership.st["otps"]["shop"]}, timeout=30)
                 ^^^^^^^^^^^^^^^^^^^^^^^^^^^^^^^^^^^^^^^
E   KeyError: 'shop'</failure></testcase><testcase classname="tests.backend_test.TestMerchantReferral" name="test_referrals_list" time="0.054" /><testcase classname="tests.backend_test.TestBookingOwnership" name="test_07_double_accept_rejected" time="0.083" /><testcase classname="tests.backend_test.TestMerchantReferral" name="test_onboard_partner" time="0.133" /><testcase classname="tests.backend_test.TestBookingOwnership" name="test_08_pay_before_completion_rejected" time="0.053" /><testcase classname="tests.backend_test.TestBookingOwnership" name="test_09_ineligible_partner_cannot_accept_out_of_skill_job" time="0.479" /><testcase classname="tests.backend_test.TestMerchantReferral" name="test_already_referred_partner_rejected" time="0.053" /><testcase classname="tests.backend_test.TestMerchantReferral" name="test_customer_cannot_access_merchant_dashboard" time="0.094" /><testcase classname="tests.backend_test.TestMerchantReferral" name="test_customer_cannot_create_merchant_booking" time="0.053" /><testcase classname="tests.backend_test.TestMerchantBooking" name="test_01_create" time="0.058" /><testcase classname="tests.backend_test.TestMerchantBooking" name="test_02_partner_accept" time="0.143" /><testcase classname="tests.backend_test.TestMerchantBooking" name="test_03_shop_otp" time="0.243" /><testcase classname="tests.backend_test.TestQuote" name="test_quote_basic" time="0.071" /><testcase classname="tests.backend_test.TestQuote" name="test_quote_coupon_azo50_capped" time="0.138" /><testcase classname="tests.backend_test.TestMerchantBooking" name="test_04_start_and_complete" time="0.000"><failure message="KeyError: 'start'">tests/backend_test.py:305: in test_04_start_and_complete
    r = partner.post(f"{API}/bookings/{bid}/start-otp", json={"otp": otps["start"]}, timeout=30)
                                                                     ^^^^^^^^^^^^^
E   KeyError: 'start'</failure></testcase><testcase classname="tests.backend_test.TestQuote" name="test_quote_emergency_surcharge" time="0.135" /><testcase classname="tests.backend_test.TestMerchantBooking" name="test_05_merchant_booking_commission_credited" time="0.057"><failure message="AssertionError: expected 1 ledger row, got 0&#10;assert 0 == 1&#10; +  where 0 = len([])">tests/backend_test.py:315: in test_05_merchant_booking_commission_credited
    assert len(entries) == 1, f"expected 1 ledger row, got {len(entries)}"
E   AssertionError: expected 1 ledger row, got 0
E   assert 0 == 1
E    +  where 0 = len([])</failure></testcase><testcase classname="tests.backend_test.TestWallet" name="test_get_wallet" time="0.055" /><testcase classname="tests.backend_test.TestQuote" name="test_quote_invalid_service" time="0.106" /><testcase classname="tests.backend_test.TestWallet" name="test_topup_increases_balance" time="0.199" /><testcase classname="tests.backend_test.TestQuote" name="test_quote_invalid_coupon" time="0.067" /><testcase classname="tests.backend_test.TestAI" name="test_customer_chat" time="5.963" /><testcase classname="tests.backend_test.TestWallet" name="test_topup_negative_amount_rejected" time="0.236" /><testcase classname="tests.backend_test.TestWallet" name="test_partner_earnings" time="0.068" /><testcase classname="tests.backend_test.TestWallet" name="test_partner_earnings_role_guard" time="0.052" /><testcase classname="tests.backend_test.TestSelfSignupPrivilege" name="test_random_phone_cannot_self_register_as_admin" time="0.311" /><testcase classname="tests.backend_test.TestSelfSignupPrivilege" name="test_random_phone_cannot_self_register_as_approved_partner" time="0.295" /><testcase classname="tests.backend_test.TestSelfSignupPrivilege" name="test_otp_cannot_be_reused" time="0.134" /><testcase classname="tests.backend_test.TestHealth" name="test_root" time="0.084" /><testcase classname="tests.backend_test.TestReviewAggregation" name="test_partner_rating_within_bounds" time="0.056" /><testcase classname="tests.backend_test.TestAIPayloadContract" name="test_explicit_null_session_id" time="3.935" /><testcase classname="tests.backend_test.TestAI" name="test_admin_chat_insights" time="11.080" /><testcase classname="tests.backend_test.TestAI" name="test_chat_requires_auth" time="0.070" /></testsuite></testsuites>