<?xml version="1.0" encoding="utf-8"?><testsuites name="pytest tests"><testsuite name="pytest" errors="0" failures="0" skipped="0" tests="7" time="7.592" timestamp="2026-09-15T13:51:43.607426+00:00" hostname="agent-env-83a1dac3-fe9f-45e8-b5e6-6e4b67f8b26e"><testcase classname="tests.test_price_breakdown_iter50" name="test_customer_bookings_have_breakdown" time="0.659" /><testcase classname="tests.test_price_breakdown_iter50" name="test_customer_booking_detail_breakdown" time="0.349" /><testcase classname="tests.test_price_breakdown_iter50" name="test_partner_bookings_no_fees" time="1.440" /><testcase classname="tests.test_price_breakdown_iter50" name="test_merchant_bookings_no_fees" time="0.762" /><testcase classname="tests.test_price_breakdown_iter50" name="test_customer_invoice_html_pdf_labels" time="1.947" /><testcase classname="tests.test_price_breakdown_iter50" name="test_customer_cancellation_invoice_if_any" time="0.637" /><testcase classname="tests.test_price_breakdown_iter50" name="test_partner_invoice_html_pdf" time="1.423" /></testsuite></testsuites>