<?xml version="1.0" encoding="utf-8"?><testsuites name="pytest tests"><testsuite name="pytest" errors="0" failures="1" skipped="1" tests="10" time="17.947" timestamp="2026-09-08T18:29:36.665150+00:00" hostname="agent-env-313bbf4c-5a3a-4729-bf94-c9951dd7fd0d"><testcase classname="tests.test_iter31_phase1.TestStarterKitCashfree" name="test_partner_status_baseline" time="15.120" /><testcase classname="tests.test_iter31_phase1.TestStarterKitCashfree" name="test_starter_kit_order_creates_real_cashfree" time="1.298" /><testcase classname="tests.test_iter31_phase1.TestStarterKitCashfree" name="test_confirm_return_kit_unpaid_does_not_grant_pro" time="0.186"><failure message="AssertionError: partner confirm-return failed: 403 {&quot;detail&quot;:&quot;Forbidden for this role&quot;}&#10;assert 403 == 200&#10; +  where 403 = &lt;Response [403]&gt;.status_code">E   AssertionError: partner confirm-return failed: 403 {"detail":"Forbidden for this role"}
    assert 403 == 200
     +  where 403 = &lt;Response [403]&gt;.status_code</failure></testcase><testcase classname="tests.test_iter31_phase1.TestStarterKitCashfree" name="test_partner_not_marked_pro_after_unpaid_return" time="0.174" /><testcase classname="tests.test_iter31_phase1.TestPersistentLogin" name="test_no_token_expiry" time="0.343" /><testcase classname="tests.test_iter31_phase1.TestPersistentLogin" name="test_auth_me_returns_user" time="0.218" /><testcase classname="tests.test_iter31_phase1.TestCouponCommissionable" name="test_engine_percentage_coupon_reduces_commissionable_base" time="0.182" /><testcase classname="tests.test_iter31_phase1.TestCouponCommissionable" name="test_engine_free_visiting_does_not_reduce_base" time="0.002" /><testcase classname="tests.test_iter31_phase1.TestInvoiceDisplayAmount" name="test_partner_invoices_have_display_amount" time="0.212"><skipped type="pytest.skip" message="No partner invoices available in this env.">/app/backend/tests/test_iter31_phase1.py:161: No partner invoices available in this env.</skipped></testcase><testcase classname="tests.test_iter31_phase1.TestInvoiceDisplayAmount" name="test_customer_invoices_display_equals_total" time="0.191" /></testsuite></testsuites>