<?xml version="1.0" encoding="utf-8"?><testsuites name="pytest tests"><testsuite name="pytest" errors="0" failures="0" skipped="0" tests="11" time="2.072" timestamp="2026-09-16T17:17:11.534726+00:00" hostname="agent-env-fbd372a3-aa48-4fbe-b16e-79fc7fd75de9"><testcase classname="tests.test_iter55_partner_active_history.TestExistingPartnerEndpoints" name="test_start_otp_requires_valid_booking" time="0.421" /><testcase classname="tests.test_iter55_partner_active_history.TestPartnerHistory" name="test_history_all" time="0.532" /><testcase classname="tests.test_iter55_partner_active_history.TestExistingPartnerEndpoints" name="test_evidence_requires_valid_booking" time="0.155" /><testcase classname="tests.test_iter55_partner_active_history.TestPartnerHistory" name="test_history_completed_only" time="0.176" /><testcase classname="tests.test_iter55_partner_active_history.TestExistingPartnerEndpoints" name="test_complete_requires_valid_booking" time="0.179" /><testcase classname="tests.test_iter55_partner_active_history.TestPartnerHistory" name="test_history_cancelled_only" time="0.148" /><testcase classname="tests.test_iter55_partner_active_history.TestExistingPartnerEndpoints" name="test_spare_parts_requires_valid_booking" time="0.217" /><testcase classname="tests.test_iter55_partner_active_history.TestPartnerHistory" name="test_history_sorted_desc" time="0.178" /><testcase classname="tests.test_iter55_partner_active_history.TestPartnerActive" name="test_active_endpoint_ok" time="0.316" /><testcase classname="tests.test_iter55_partner_active_history.TestPartnerDemoFlow" name="test_full_active_job_flow_with_demo_otp" time="0.646" /><testcase classname="tests.test_iter55_partner_active_history.TestPartnerActive" name="test_active_rows_have_demo_otps_for_demo_partner" time="0.436" /></testsuite></testsuites>