<?xml version="1.0" encoding="utf-8"?><testsuites name="pytest tests"><testsuite name="pytest" errors="0" failures="0" skipped="0" tests="9" time="1.510" timestamp="2026-09-26T05:22:20.780020+00:00" hostname="agent-env-dfb20d69-1006-4288-b388-76e8bf41d30d"><testcase classname="tests.test_iter132_support_ref_ai.TestReferral" name="test_growth_referral" time="0.556" /><testcase classname="tests.test_iter132_support_ref_ai.TestSupport" name="test_support_meta" time="0.544" /><testcase classname="tests.test_iter132_support_ref_ai.TestSupport" name="test_list_tickets" time="0.063" /><testcase classname="tests.test_iter132_support_ref_ai.TestReferral" name="test_apply_invalid_code" time="0.121" /><testcase classname="tests.test_iter132_support_ref_ai.TestSupport" name="test_create_ticket" time="0.128" /><testcase classname="tests.test_iter132_support_ref_ai.TestAI" name="test_ai_chat_and_session_reuse" time="0.176" /><testcase classname="tests.test_iter132_support_ref_ai.TestSupport" name="test_add_message" time="0.166" /><testcase classname="tests.test_iter132_support_ref_ai.TestSupport" name="test_typing" time="0.064" /><testcase classname="tests.test_iter132_support_ref_ai.TestSupport" name="test_close_ticket" time="0.121" /></testsuite></testsuites>