<?xml version="1.0" encoding="utf-8"?><testsuites name="pytest tests"><testsuite name="pytest" errors="0" failures="0" skipped="0" tests="19" time="4.831" timestamp="2026-09-16T17:38:59.381412+00:00" hostname="agent-env-fbd372a3-aa48-4fbe-b16e-79fc7fd75de9"><testcase classname="tests.test_iter57_invoice_reschedule_merchant.TestMerchantPayouts" name="test_finance_kyc_shape" time="0.567" /><testcase classname="tests.test_iter57_invoice_reschedule_merchant.TestPartnerInvoices" name="test_invoices_list_default" time="0.657" /><testcase classname="tests.test_iter57_invoice_reschedule_merchant.TestMerchantPayouts" name="test_banks_list" time="0.161" /><testcase classname="tests.test_iter57_invoice_reschedule_merchant.TestPartnerInvoices" name="test_invoices_time_range_chips[all]" time="0.134" /><testcase classname="tests.test_iter57_invoice_reschedule_merchant.TestMerchantPayouts" name="test_bank_crud" time="0.650" /><testcase classname="tests.test_iter57_invoice_reschedule_merchant.TestPartnerInvoices" name="test_invoices_time_range_chips[today]" time="0.227" /><testcase classname="tests.test_iter57_invoice_reschedule_merchant.TestPartnerInvoices" name="test_invoices_time_range_chips[yesterday]" time="0.135" /><testcase classname="tests.test_iter57_invoice_reschedule_merchant.TestPartnerInvoices" name="test_invoices_time_range_chips[7d]" time="0.159" /><testcase classname="tests.test_iter57_invoice_reschedule_merchant.TestPartnerInvoices" name="test_invoices_time_range_chips[30d]" time="0.223" /><testcase classname="tests.test_iter57_invoice_reschedule_merchant.TestMerchantPayouts" name="test_merchant_wallet" time="0.169" /><testcase classname="tests.test_iter57_invoice_reschedule_merchant.TestPartnerInvoices" name="test_invoices_time_range_chips[this_month]" time="0.155" /><testcase classname="tests.test_iter57_invoice_reschedule_merchant.TestPartnerInvoices" name="test_invoices_sort_variants" time="0.703" /><testcase classname="tests.test_iter57_invoice_reschedule_merchant.TestPartnerRegression" name="test_active" time="0.983" /><testcase classname="tests.test_iter57_invoice_reschedule_merchant.TestPartnerInvoices" name="test_invoice_detail_and_view" time="0.769" /><testcase classname="tests.test_iter57_invoice_reschedule_merchant.TestPartnerRegression" name="test_history" time="0.749" /><testcase classname="tests.test_iter57_invoice_reschedule_merchant.TestBookingReschedule" name="test_reschedule_endpoints_exist" time="0.725" /><testcase classname="tests.test_iter57_invoice_reschedule_merchant.TestPartnerRegression" name="test_partner_finance_kyc" time="0.183" /><testcase classname="tests.test_iter57_invoice_reschedule_merchant.TestPartnerRegression" name="test_partner_wallet" time="0.206" /><testcase classname="tests.test_iter57_invoice_reschedule_merchant.TestBookingReschedule" name="test_reschedule_request_flow" time="0.593" /></testsuite></testsuites>