<?xml version="1.0" encoding="utf-8"?><testsuites name="pytest tests"><testsuite name="pytest" errors="0" failures="0" skipped="0" tests="23" time="1.967" timestamp="2026-09-16T15:25:08.577697+00:00" hostname="agent-env-fbd372a3-aa48-4fbe-b16e-79fc7fd75de9"><testcase classname="tests.test_partner_merchant_app_iter53.TestAuthOtp" name="test_send_otp_partner_returns_dev_otp" time="0.223" /><testcase classname="tests.test_partner_merchant_app_iter53.TestPartner" name="test_wallet" time="0.502" /><testcase classname="tests.test_partner_merchant_app_iter53.TestAuthOtp" name="test_verify_partner" time="0.231" /><testcase classname="tests.test_partner_merchant_app_iter53.TestPartner" name="test_earnings_summary" time="0.099" /><testcase classname="tests.test_partner_merchant_app_iter53.TestPartner" name="test_stats" time="0.093" /><testcase classname="tests.test_partner_merchant_app_iter53.TestAuthOtp" name="test_verify_merchant" time="0.184" /><testcase classname="tests.test_partner_merchant_app_iter53.TestAuthOtp" name="test_me_partner" time="0.097" /><testcase classname="tests.test_partner_merchant_app_iter53.TestPartner" name="test_bookings_jobs" time="0.092" /><testcase classname="tests.test_partner_merchant_app_iter53.TestAuthOtp" name="test_me_merchant" time="0.091" /><testcase classname="tests.test_partner_merchant_app_iter53.TestPartner" name="test_bookings_active" time="0.087" /><testcase classname="tests.test_partner_merchant_app_iter53.TestAuthOtp" name="test_verify_bad_otp" time="0.217" /><testcase classname="tests.test_partner_merchant_app_iter53.TestPartner" name="test_bookings_missed" time="0.095" /><testcase classname="tests.test_partner_merchant_app_iter53.TestPartner" name="test_online_status_toggle" time="0.169" /><testcase classname="tests.test_partner_merchant_app_iter53.TestMerchant" name="test_overview" time="0.095" /><testcase classname="tests.test_partner_merchant_app_iter53.TestPartner" name="test_partner_cannot_call_merchant" time="0.087" /><testcase classname="tests.test_partner_merchant_app_iter53.TestMerchant" name="test_wallet" time="0.090" /><testcase classname="tests.test_partner_merchant_app_iter53.TestPublic" name="test_site_config" time="0.101" /><testcase classname="tests.test_partner_merchant_app_iter53.TestMerchant" name="test_customers" time="0.090" /><testcase classname="tests.test_partner_merchant_app_iter53.TestMerchant" name="test_merchant_cannot_call_partner" time="0.093" /><testcase classname="tests.test_partner_merchant_app_iter53.TestPublic" name="test_demo_status" time="0.088" /><testcase classname="tests.test_partner_merchant_app_iter53.TestAuthBoundaries" name="test_me_no_token" time="0.130" /><testcase classname="tests.test_partner_merchant_app_iter53.TestPublic" name="test_auth_config" time="0.085" /><testcase classname="tests.test_partner_merchant_app_iter53.TestAuthBoundaries" name="test_partner_wallet_no_token" time="0.086" /></testsuite></testsuites>