<?xml version="1.0" encoding="utf-8"?><testsuites name="pytest tests"><testsuite name="pytest" errors="0" failures="0" skipped="0" tests="8" time="4.378" timestamp="2026-09-25T06:47:18.170455+00:00" hostname="agent-env-3a539100-a79c-45c9-8b4f-1c25c1506255"><testcase classname="tests.test_merchant_finance_kyc" name="test_get_finance_kyc" time="0.359" /><testcase classname="tests.test_merchant_finance_kyc" name="test_upload_endpoint" time="0.163" /><testcase classname="tests.test_merchant_finance_kyc" name="test_submit_pan_invalid" time="0.062" /><testcase classname="tests.test_merchant_finance_kyc" name="test_submit_pan_and_admin_approve" time="0.560" /><testcase classname="tests.test_merchant_finance_kyc" name="test_add_bank_missing_passbook" time="0.069" /><testcase classname="tests.test_merchant_finance_kyc" name="test_add_bank_invalid_ifsc" time="0.127" /><testcase classname="tests.test_merchant_finance_kyc" name="test_add_bank_approve_and_primary" time="0.398" /><testcase classname="tests.test_merchant_finance_kyc" name="test_delete_pending_bank" time="0.256" /></testsuite></testsuites>