<?xml version="1.0" encoding="utf-8"?><testsuites name="pytest tests"><testsuite name="pytest" errors="0" failures="0" skipped="0" tests="16" time="3.326" timestamp="2026-09-22T08:17:16.149453+00:00" hostname="agent-env-72122926-8850-48ad-ab96-63a9a6e5a162"><testcase classname="tests.test_partner_invoices.TestInvoicesList" name="test_list_default" time="0.385" /><testcase classname="tests.test_partner_invoices.TestInvoiceDetail" name="test_booking_detail_INV2" time="0.513" /><testcase classname="tests.test_partner_invoices.TestInvoicesList" name="test_unauthorized" time="0.130" /><testcase classname="tests.test_partner_invoices.TestInvoiceDetail" name="test_withdrawal_detail_INV7" time="0.123" /><testcase classname="tests.test_partner_invoices.TestInvoicesList" name="test_pagination" time="0.128" /><testcase classname="tests.test_partner_invoices.TestInvoiceDetail" name="test_view_html" time="0.289" /><testcase classname="tests.test_partner_invoices.TestInvoicesList" name="test_range_today" time="0.167" /><testcase classname="tests.test_partner_invoices.TestInvoicesList" name="test_range_custom" time="0.142" /><testcase classname="tests.test_partner_invoices.TestInvoiceDetail" name="test_pdf" time="1.154" /><testcase classname="tests.test_partner_invoices.TestInvoicesList" name="test_sort_amount_high" time="1.147" /><testcase classname="tests.test_partner_invoices.TestInvoiceDetail" name="test_detail_unauthorized" time="0.133" /><testcase classname="tests.test_partner_invoices.TestInvoicesList" name="test_search" time="0.120" /><testcase classname="tests.test_partner_invoices.TestInvoicesList" name="test_search_empty" time="0.123" /><testcase classname="tests.test_partner_invoices.TestInvoicesList" name="test_filter_type_withdrawal" time="0.122" /><testcase classname="tests.test_partner_invoices.TestInvoicesList" name="test_filter_status_paid" time="0.126" /><testcase classname="tests.test_partner_invoices.TestInvoicesList" name="test_amount_range" time="0.143" /></testsuite></testsuites>