<?xml version="1.0" encoding="utf-8"?><testsuites name="pytest tests"><testsuite name="pytest" errors="0" failures="0" skipped="0" tests="12" time="6.376" timestamp="2026-09-08T10:35:19.061646+00:00" hostname="agent-env-313bbf4c-5a3a-4729-bf94-c9951dd7fd0d"><testcase classname="tests.test_perf_regression.TestDashboardData" name="test_customer_dashboard_data" time="0.683" /><testcase classname="tests.test_perf_regression.TestOTPLogin" name="test_login[+919000000000-admin]" time="0.684" /><testcase classname="tests.test_perf_regression.TestDashboardData" name="test_admin_dashboard_data" time="0.509" /><testcase classname="tests.test_perf_regression.TestOTPLogin" name="test_login[+919000000004-customer]" time="0.461" /><testcase classname="tests.test_perf_regression.TestOTPLogin" name="test_login[+919000000003-partner]" time="0.366" /><testcase classname="tests.test_perf_regression.TestDashboardData" name="test_partner_me" time="0.499" /><testcase classname="tests.test_perf_regression.TestOTPLogin" name="test_login[+919000000002-merchant]" time="0.426" /><testcase classname="tests.test_perf_regression.TestDashboardData" name="test_merchant_me" time="0.395" /><testcase classname="tests.test_perf_regression.TestPublicCachedEndpoints" name="test_homepage_200_and_consistent" time="3.087" /><testcase classname="tests.test_perf_regression.TestMediaUpload" name="test_upload_and_serve" time="3.567" /><testcase classname="tests.test_perf_regression.TestPublicCachedEndpoints" name="test_site_config_200" time="0.405" /><testcase classname="tests.test_perf_regression.TestPublicCachedEndpoints" name="test_promotions_200" time="0.593" /></testsuite></testsuites>