<?xml version="1.0" encoding="utf-8"?><testsuites name="pytest tests"><testsuite name="pytest" errors="0" failures="0" skipped="1" tests="14" time="5.094" timestamp="2026-09-08T16:46:31.313091+00:00" hostname="agent-env-313bbf4c-5a3a-4729-bf94-c9951dd7fd0d"><testcase classname="tests.test_phase_c_d.TestMerchantSingleCategory" name="test_meta_has_categories" time="0.424" /><testcase classname="tests.test_phase_c_d.TestMerchantSingleCategory" name="test_shop_save_caps_multiple_categories_to_one" time="0.286"><skipped type="pytest.skip" message="merchant already approved — save_shop locked; UI-only cap is enough">/app/backend/tests/test_phase_c_d.py:57: merchant already approved — save_shop locked; UI-only cap is enough</skipped></testcase><testcase classname="tests.test_phase_c_d.TestMerchantUnderReviewLock" name="test_profile_status_present" time="0.092" /><testcase classname="tests.test_phase_c_d.TestMerchantUnderReviewLock" name="test_access_state_endpoint" time="0.088" /><testcase classname="tests.test_phase_c_d.TestPartnerBankKycDocs" name="test_admin_list_partners" time="0.585" /><testcase classname="tests.test_phase_c_d.TestPartnerBankKycDocs" name="test_partner_360_bank_kyc_fields" time="0.180" /><testcase classname="tests.test_phase_c_d.TestCustomerCategoryFilter" name="test_categories_public" time="0.670" /><testcase classname="tests.test_phase_c_d.TestCustomerCategoryFilter" name="test_services_filter_by_category" time="1.023" /><testcase classname="tests.test_phase_c_d.TestTriggerEvents" name="test_list_includes_builtins" time="0.087" /><testcase classname="tests.test_phase_c_d.TestTriggerEvents" name="test_delete_builtin_then_restore" time="0.472" /><testcase classname="tests.test_phase_c_d.TestTriggerEvents" name="test_edit_builtin_updates_label" time="0.364" /><testcase classname="tests.test_phase_c_d.TestLoyaltyRemoved" name="test_loyalty_me_disabled" time="0.402" /><testcase classname="tests.test_phase_c_d.TestLoyaltyRemoved" name="test_public_loyalty_config_disabled" time="0.135" /><testcase classname="tests.test_phase_c_d.TestLoyaltyRemoved" name="test_admin_cannot_enable_loyalty" time="0.263" /></testsuite></testsuites>