<?xml version="1.0" encoding="utf-8"?><testsuites name="pytest tests"><testsuite name="pytest" errors="0" failures="0" skipped="0" tests="22" time="3.948" timestamp="2026-08-26T10:50:31.057000+00:00" hostname="agent-env-5a94e7b7-c60d-444b-aeb0-2014518b6067"><testcase classname="tests.test_integrations_phase3.TestOtpFallback" name="test_send_otp_non_demo_returns_dev_otp" time="0.145" /><testcase classname="tests.test_integrations_phase3.TestOtpFallback" name="test_verify_otp_creates_customer" time="0.096" /><testcase classname="tests.test_integrations_phase3.TestPayments" name="test_wallet_order_returns_mock" time="0.298" /><testcase classname="tests.test_integrations_phase3.TestOtpFallback" name="test_wrong_otp_rejected" time="0.095" /><testcase classname="tests.test_integrations_phase3.TestPayments" name="test_wallet_mock_pay_credits_wallet" time="0.137" /><testcase classname="tests.test_integrations_phase3.TestOtpFallback" name="test_demo_account_fixed_otp" time="0.097" /><testcase classname="tests.test_integrations_phase3.TestPayments" name="test_invalid_amount_rejected" time="0.140" /><testcase classname="tests.test_integrations_phase3.TestAdminIntegrations" name="test_public_config_has_no_secrets" time="0.046" /><testcase classname="tests.test_integrations_phase3.TestPayments" name="test_unknown_booking_404" time="0.086" /><testcase classname="tests.test_integrations_phase3.TestAdminIntegrations" name="test_admin_can_save_and_read_fast2sms_config" time="1.115" /><testcase classname="tests.test_integrations_phase3.TestPayments" name="test_non_customer_roles_forbidden" time="1.244" /><testcase classname="tests.test_integrations_phase3.TestAdminIntegrations" name="test_settings_write_requires_admin" time="0.392" /><testcase classname="tests.test_integrations_phase3.TestPayments" name="test_other_customers_booking_403" time="0.592" /><testcase classname="tests.test_integrations_phase3.TestAdminIntegrations" name="test_settings_read_requires_auth" time="0.046" /><testcase classname="tests.test_integrations_phase3.TestProfile" name="test_update_profile_persists" time="0.179" /><testcase classname="tests.test_integrations_phase3.TestProfile" name="test_profile_response_has_no_password_hash_or_objectid" time="0.135" /><testcase classname="tests.test_integrations_phase3.TestProfile" name="test_profile_requires_auth" time="0.047" /><testcase classname="tests.test_integrations_phase3.TestProfile" name="test_profile_fields_flags_exposed" time="0.050" /><testcase classname="tests.test_integrations_phase3.TestPayments" name="test_verify_fails_without_gateway" time="0.045" /><testcase classname="tests.test_integrations_phase3.TestGoogleGating" name="test_google_disabled_returns_403" time="0.162" /><testcase classname="tests.test_integrations_phase3.TestGoogleGating" name="test_google_enabled_no_client_id_returns_400" time="0.308" /><testcase classname="tests.test_integrations_phase3.TestGoogleGating" name="test_google_bogus_credential_no_session" time="0.354" /></testsuite></testsuites>