<?xml version="1.0" encoding="utf-8"?><testsuites name="pytest tests"><testsuite name="pytest" errors="0" failures="0" skipped="0" tests="5" time="20.312" timestamp="2026-09-08T16:03:44.268427+00:00" hostname="agent-env-313bbf4c-5a3a-4729-bf94-c9951dd7fd0d"><testcase classname="tests.test_phase_a_money_flow" name="test_5_quote_tax_excludes_visiting_charge" time="19.501" /><testcase classname="tests.test_phase_a_money_flow" name="test_5_engine_direct_math" time="0.170" /><testcase classname="tests.test_phase_a_money_flow" name="test_7_commission_engine_credits_visiting_once" time="0.136" /><testcase classname="tests.test_phase_a_money_flow" name="test_8_invoice_schema_and_live_logo" time="0.090" /><testcase classname="tests.test_phase_a_money_flow" name="test_8_invoice_api_exposes_fields" time="0.371" /></testsuite></testsuites>