<?xml version="1.0" encoding="utf-8"?><testsuites name="pytest tests"><testsuite name="pytest" errors="0" failures="0" skipped="0" tests="7" time="8.086" timestamp="2026-09-08T08:22:17.997596+00:00" hostname="agent-env-406876b0-0f3f-4140-bde4-05a3ab9b15c2"><testcase classname="tests.test_s3_integration" name="test_admin_login_returns_token" time="0.710" /><testcase classname="tests.test_s3_integration" name="test_s3_test_requires_auth" time="0.158" /><testcase classname="tests.test_s3_integration" name="test_s3_test_saved_creds_ok_public_false" time="3.172" /><testcase classname="tests.test_s3_integration" name="test_s3_test_invalid_overrides" time="1.110" /><testcase classname="tests.test_s3_integration" name="test_get_settings_returns_aws_integrations" time="0.182" /><testcase classname="tests.test_s3_integration" name="test_put_settings_partial_integrations_preserves_siblings" time="0.343" /><testcase classname="tests.test_s3_integration" name="test_media_upload_returns_url" time="2.372" /></testsuite></testsuites>