<?xml version="1.0" encoding="utf-8"?><testsuites name="pytest tests"><testsuite name="pytest" errors="0" failures="0" skipped="0" tests="7" time="1.418" timestamp="2026-09-08T11:44:11.767525+00:00" hostname="agent-env-313bbf4c-5a3a-4729-bf94-c9951dd7fd0d"><testcase classname="tests.test_people_admin_visibility.TestAdminPartnerProfileVisibility" name="test_admin_login" time="0.478" /><testcase classname="tests.test_people_admin_visibility.TestAdminPartnerProfileVisibility" name="test_partner_overview_enriched_fields" time="0.155" /><testcase classname="tests.test_people_admin_visibility.TestAdminPartnerProfileVisibility" name="test_partner_kyc_section_viewable_documents" time="0.157" /><testcase classname="tests.test_people_admin_visibility.TestPartnerSelfView" name="test_partner_login" time="0.189" /><testcase classname="tests.test_people_admin_visibility.TestPartnerSelfView" name="test_partner_registration_profile" time="0.070" /><testcase classname="tests.test_people_admin_visibility.TestRegressionPerson360" name="test_customer_overview" time="0.177" /><testcase classname="tests.test_people_admin_visibility.TestRegressionPerson360" name="test_merchant_overview" time="0.152" /></testsuite></testsuites>