<?xml version="1.0" encoding="utf-8"?><testsuites name="pytest tests"><testsuite name="pytest" errors="0" failures="0" skipped="0" tests="8" time="3.240" timestamp="2026-09-24T14:38:07.342984+00:00" hostname="agent-env-b3f1bc86-c51e-4457-98d6-404051caefba"><testcase classname="tests.test_merchant_scanqr_iter98" name="test_my_code" time="0.585" /><testcase classname="tests.test_merchant_scanqr_iter98" name="test_qr_config_get" time="0.168" /><testcase classname="tests.test_merchant_scanqr_iter98" name="test_qr_config_put_persist" time="0.807" /><testcase classname="tests.test_merchant_scanqr_iter98" name="test_qr_analytics[7d]" time="0.128" /><testcase classname="tests.test_merchant_scanqr_iter98" name="test_qr_analytics[30d]" time="0.166" /><testcase classname="tests.test_merchant_scanqr_iter98" name="test_qr_analytics[90d]" time="0.168" /><testcase classname="tests.test_merchant_scanqr_iter98" name="test_qr_analytics[year]" time="0.167" /><testcase classname="tests.test_merchant_scanqr_iter98" name="test_restore_config_classic_blue" time="0.654" /></testsuite></testsuites>