<?xml version="1.0" encoding="utf-8"?><testsuites name="pytest tests"><testsuite name="pytest" errors="0" failures="0" skipped="0" tests="15" time="4.389" timestamp="2026-09-13T04:54:23.675216+00:00" hostname="agent-env-b55874f2-9efa-4d32-b575-106587f46575"><testcase classname="tests.test_starter_kit_admin_purchases.TestAdminPurchases" name="test_default_shape" time="0.473" /><testcase classname="tests.test_starter_kit_admin_purchases.TestAdminPurchases" name="test_methods_contains_mock" time="0.158" /><testcase classname="tests.test_starter_kit_admin_purchases.TestAdminPurchases" name="test_search_matching" time="0.184" /><testcase classname="tests.test_starter_kit_admin_purchases.TestAdminPurchases" name="test_search_no_match" time="0.183" /><testcase classname="tests.test_starter_kit_admin_purchases.TestAdminPurchases" name="test_filter_method_mock" time="0.181" /><testcase classname="tests.test_starter_kit_admin_purchases.TestAdminPurchases" name="test_filter_status_all_vs_specific" time="0.430" /><testcase classname="tests.test_starter_kit_admin_purchases.TestAdminPurchases" name="test_date_range" time="0.201" /><testcase classname="tests.test_starter_kit_admin_purchases.TestAdminPurchases" name="test_sort_variants[newest]" time="0.195" /><testcase classname="tests.test_starter_kit_admin_purchases.TestAdminPurchases" name="test_sort_variants[oldest]" time="0.212" /><testcase classname="tests.test_starter_kit_admin_purchases.TestAdminPurchases" name="test_sort_variants[amount_high]" time="0.179" /><testcase classname="tests.test_starter_kit_admin_purchases.TestAdminPurchases" name="test_sort_variants[amount_low]" time="0.150" /><testcase classname="tests.test_starter_kit_admin_purchases.TestAdminPurchases" name="test_sort_variants[partner]" time="0.161" /><testcase classname="tests.test_starter_kit_admin_purchases.TestAdminPurchases" name="test_sort_variants[partner_desc]" time="0.163" /><testcase classname="tests.test_starter_kit_admin_purchases.TestTrackingUpdate" name="test_tracking_roundtrip" time="0.940" /><testcase classname="tests.test_starter_kit_admin_purchases.TestTrackingUpdate" name="test_tracking_invalid_status" time="0.555" /></testsuite></testsuites>