<?xml version="1.0" encoding="utf-8"?><testsuites name="pytest tests"><testsuite name="pytest" errors="0" failures="0" skipped="0" tests="5" time="0.165" timestamp="2026-09-08T13:25:03.386647+00:00" hostname="agent-env-313bbf4c-5a3a-4729-bf94-c9951dd7fd0d"><testcase classname="tests.test_sms_dlt_route_fix" name="test_send_test_uses_dlt_with_template_id" time="0.005" /><testcase classname="tests.test_sms_dlt_route_fix" name="test_send_otp_sms_uses_dlt_with_template_id" time="0.001" /><testcase classname="tests.test_sms_dlt_route_fix" name="test_send_test_fallback_otp_route" time="0.001" /><testcase classname="tests.test_sms_dlt_route_fix" name="test_dlt_reads_otp_template_id_key_only" time="0.001" /><testcase classname="tests.test_sms_dlt_route_fix" name="test_dlt_backward_compat_legacy_key" time="0.001" /></testsuite></testsuites>