<?xml version="1.0" encoding="utf-8"?><testsuites name="pytest tests"><testsuite name="pytest" errors="0" failures="1" skipped="0" tests="4" time="2.963" timestamp="2026-09-08T11:58:20.567462+00:00" hostname="agent-env-313bbf4c-5a3a-4729-bf94-c9951dd7fd0d"><testcase classname="tests.test_starter_kit_and_accept_race.TestStarterKitGating" name="test_order_returns_real_razorpay_or_already_owns" time="1.498" /><testcase classname="tests.test_starter_kit_and_accept_race.TestStarterKitGating" name="test_mock_endpoint_blocked_in_live_mode" time="0.154" /><testcase classname="tests.test_starter_kit_and_accept_race.TestStarterKitGating" name="test_verify_bad_signature_rejects_and_no_pro_granted" time="0.957" /><testcase classname="tests.test_starter_kit_and_accept_race.TestAcceptRaceSafety" name="test_second_accept_on_assigned_booking_rejected" time="2.116"><failure message="AttributeError: 'list' object has no attribute 'get'">backend/tests/test_starter_kit_and_accept_race.py:131: in test_second_accept_on_assigned_booking_rejected
    rows = r.json().get("bookings") or r.json().get("items") or []
           ^^^^^^^^^^^^
E   AttributeError: 'list' object has no attribute 'get'</failure></testcase></testsuite></testsuites>