<?xml version="1.0" encoding="utf-8"?><testsuites name="pytest tests"><testsuite name="pytest" errors="0" failures="0" skipped="0" tests="4" time="3.923" timestamp="2026-09-25T11:33:31.904465+00:00" hostname="agent-env-da072ed3-5a9d-4511-8d4e-913c14192895"><testcase classname="tests.test_storage_no_duplicate" name="test_media_upload_no_thumb_and_same_urls" time="0.779" /><testcase classname="tests.test_storage_no_duplicate" name="test_evidence_upload_no_duplicate_and_folder" time="2.842" /><testcase classname="tests.test_storage_no_duplicate" name="test_partner_bookings_reachable" time="0.118" /><testcase classname="tests.test_storage_no_duplicate" name="test_no_new_thumb_files_end_to_end" time="0.140" /></testsuite></testsuites>